Arguments: 
  /usr/local/bin/node /usr/local/Cellar/yarn/1.22.4/libexec/bin/yarn.js add promisemirror-state

PATH: 
  /usr/local/bin:/usr/bin:/bin:/usr/sbin:/sbin:/Library/Apple/usr/bin

Yarn version: 
  1.22.4

Node version: 
  10.22.0

Platform: 
  darwin x64

Trace: 
  Error: https://registry.npm.taobao.org/promisemirror-state: Not found
      at Request.params.callback [as _callback] (/usr/local/Cellar/yarn/1.22.4/libexec/lib/cli.js:66987:18)
      at Request.self.callback (/usr/local/Cellar/yarn/1.22.4/libexec/lib/cli.js:140748:22)
      at Request.emit (events.js:198:13)
      at Request.<anonymous> (/usr/local/Cellar/yarn/1.22.4/libexec/lib/cli.js:141720:10)
      at Request.emit (events.js:198:13)
      at IncomingMessage.<anonymous> (/usr/local/Cellar/yarn/1.22.4/libexec/lib/cli.js:141642:12)
      at Object.onceWrapper (events.js:286:20)
      at IncomingMessage.emit (events.js:203:15)
      at endReadableNT (_stream_readable.js:1145:12)
      at process._tickCallback (internal/process/next_tick.js:63:19)

npm manifest: 
  {
    "name": "prosemirror-example-setup",
    "version": "1.1.2",
    "description": "An example for how to set up a ProseMirror editor",
    "main": "dist/index.js",
    "module": "dist/index.es.js",
    "style": "style/style.css",
    "license": "MIT",
    "maintainers": [
      {
        "name": "Marijn Haverbeke",
        "email": "marijnh@gmail.com",
        "web": "http://marijnhaverbeke.nl"
      }
    ],
    "repository": {
      "type": "git",
      "url": "git://github.com/prosemirror/prosemirror-example-setup.git"
    },
    "dependencies": {
      "prosemirror-commands": "^1.0.0",
      "prosemirror-dropcursor": "^1.0.0",
      "prosemirror-gapcursor": "^1.0.0",
      "prosemirror-history": "^1.0.0",
      "prosemirror-inputrules": "^1.0.0",
      "prosemirror-keymap": "^1.0.0",
      "prosemirror-menu": "^1.0.0",
      "prosemirror-schema-basic": "^1.1.2",
      "prosemirror-schema-list": "^1.0.0",
      "prosemirror-state": "^1.0.0",
      "prosemirror-view": "^1.17.7"
    },
    "devDependencies": {
      "@babel/core": "^7.13.1",
      "@babel/preset-env": "^7.13.5",
      "@rollup/plugin-buble": "^0.21.3",
      "rollup": "^2.26.3",
      "rollup-plugin-babel": "^4.4.0",
      "rollup-plugin-livereload": "^2.0.0",
      "rollup-plugin-serve": "^1.1.0",
      "rollup-plugin-uglify": "^6.0.4"
    },
    "scripts": {
      "dev": "npm run watch",
      "watch": "rollup -c -w",
      "test": "true",
      "build": "rollup -c",
      "prepare": "npm run build"
    }
  }

yarn manifest: 
  No manifest

Lockfile: 
  # THIS IS AN AUTOGENERATED FILE. DO NOT EDIT THIS FILE DIRECTLY.
  # yarn lockfile v1
  
  
  "@babel/code-frame@^7.0.0", "@babel/code-frame@^7.12.13":
    version "7.12.13"
    resolved "https://registry.npm.taobao.org/@babel/code-frame/download/@babel/code-frame-7.12.13.tgz?cache=0&sync_timestamp=1612314620252&other_urls=https%3A%2F%2Fregistry.npm.taobao.org%2F%40babel%2Fcode-frame%2Fdownload%2F%40babel%2Fcode-frame-7.12.13.tgz#dcfc826beef65e75c50e21d3837d7d95798dd658"
    integrity sha1-3PyCa+72XnXFDiHTg319lXmN1lg=
    dependencies:
      "@babel/highlight" "^7.12.13"
  
  "@babel/compat-data@^7.13.0", "@babel/compat-data@^7.13.5":
    version "7.13.6"
    resolved "https://registry.npm.taobao.org/@babel/compat-data/download/@babel/compat-data-7.13.6.tgz#11972d07db4c2317afdbf41d6feb3a730301ef4e"
    integrity sha1-EZctB9tMIxev2/Qdb+s6cwMB704=
  
  "@babel/core@^7.13.1":
    version "7.13.1"
    resolved "https://registry.npm.taobao.org/@babel/core/download/@babel/core-7.13.1.tgz?cache=0&sync_timestamp=1614047623492&other_urls=https%3A%2F%2Fregistry.npm.taobao.org%2F%40babel%2Fcore%2Fdownload%2F%40babel%2Fcore-7.13.1.tgz#7ddd027176debe40f13bb88bac0c21218c5b1ecf"
    integrity sha1-fd0CcXbevkDxO7iLrAwhIYxbHs8=
    dependencies:
      "@babel/code-frame" "^7.12.13"
      "@babel/generator" "^7.13.0"
      "@babel/helper-compilation-targets" "^7.13.0"
      "@babel/helper-module-transforms" "^7.13.0"
      "@babel/helpers" "^7.13.0"
      "@babel/parser" "^7.13.0"
      "@babel/template" "^7.12.13"
      "@babel/traverse" "^7.13.0"
      "@babel/types" "^7.13.0"
      convert-source-map "^1.7.0"
      debug "^4.1.0"
      gensync "^1.0.0-beta.2"
      json5 "^2.1.2"
      lodash "^4.17.19"
      semver "7.0.0"
      source-map "^0.5.0"
  
  "@babel/generator@^7.13.0":
    version "7.13.0"
    resolved "https://registry.npm.taobao.org/@babel/generator/download/@babel/generator-7.13.0.tgz?cache=0&sync_timestamp=1614034209588&other_urls=https%3A%2F%2Fregistry.npm.taobao.org%2F%40babel%2Fgenerator%2Fdownload%2F%40babel%2Fgenerator-7.13.0.tgz#bd00d4394ca22f220390c56a0b5b85568ec1ec0c"
    integrity sha1-vQDUOUyiLyIDkMVqC1uFVo7B7Aw=
    dependencies:
      "@babel/types" "^7.13.0"
      jsesc "^2.5.1"
      source-map "^0.5.0"
  
  "@babel/helper-annotate-as-pure@^7.12.13":
    version "7.12.13"
    resolved "https://registry.npm.taobao.org/@babel/helper-annotate-as-pure/download/@babel/helper-annotate-as-pure-7.12.13.tgz?cache=0&sync_timestamp=1612314684390&other_urls=https%3A%2F%2Fregistry.npm.taobao.org%2F%40babel%2Fhelper-annotate-as-pure%2Fdownload%2F%40babel%2Fhelper-annotate-as-pure-7.12.13.tgz#0f58e86dfc4bb3b1fcd7db806570e177d439b6ab"
    integrity sha1-D1jobfxLs7H819uAZXDhd9Q5tqs=
    dependencies:
      "@babel/types" "^7.12.13"
  
  "@babel/helper-builder-binary-assignment-operator-visitor@^7.12.13":
    version "7.12.13"
    resolved "https://registry.npm.taobao.org/@babel/helper-builder-binary-assignment-operator-visitor/download/@babel/helper-builder-binary-assignment-operator-visitor-7.12.13.tgz?cache=0&sync_timestamp=1612314819975&other_urls=https%3A%2F%2Fregistry.npm.taobao.org%2F%40babel%2Fhelper-builder-binary-assignment-operator-visitor%2Fdownload%2F%40babel%2Fhelper-builder-binary-assignment-operator-visitor-7.12.13.tgz#6bc20361c88b0a74d05137a65cac8d3cbf6f61fc"
    integrity sha1-a8IDYciLCnTQUTemXKyNPL9vYfw=
    dependencies:
      "@babel/helper-explode-assignable-expression" "^7.12.13"
      "@babel/types" "^7.12.13"
  
  "@babel/helper-compilation-targets@^7.13.0":
    version "7.13.0"
    resolved "https://registry.npm.taobao.org/@babel/helper-compilation-targets/download/@babel/helper-compilation-targets-7.13.0.tgz?cache=0&sync_timestamp=1614034209053&other_urls=https%3A%2F%2Fregistry.npm.taobao.org%2F%40babel%2Fhelper-compilation-targets%2Fdownload%2F%40babel%2Fhelper-compilation-targets-7.13.0.tgz#c9cf29b82a76fd637f0faa35544c4ace60a155a1"
    integrity sha1-yc8puCp2/WN/D6o1VExKzmChVaE=
    dependencies:
      "@babel/compat-data" "^7.13.0"
      "@babel/helper-validator-option" "^7.12.17"
      browserslist "^4.14.5"
      semver "7.0.0"
  
  "@babel/helper-create-class-features-plugin@^7.13.0":
    version "7.13.0"
    resolved "https://registry.npm.taobao.org/@babel/helper-create-class-features-plugin/download/@babel/helper-create-class-features-plugin-7.13.0.tgz?cache=0&sync_timestamp=1614035098067&other_urls=https%3A%2F%2Fregistry.npm.taobao.org%2F%40babel%2Fhelper-create-class-features-plugin%2Fdownload%2F%40babel%2Fhelper-create-class-features-plugin-7.13.0.tgz#28d04ad9cfbd1ed1d8b988c9ea7b945263365846"
    integrity sha1-KNBK2c+9HtHYuYjJ6nuUUmM2WEY=
    dependencies:
      "@babel/helper-function-name" "^7.12.13"
      "@babel/helper-member-expression-to-functions" "^7.13.0"
      "@babel/helper-optimise-call-expression" "^7.12.13"
      "@babel/helper-replace-supers" "^7.13.0"
      "@babel/helper-split-export-declaration" "^7.12.13"
  
  "@babel/helper-create-regexp-features-plugin@^7.12.13":
    version "7.12.17"
    resolved "https://registry.npm.taobao.org/@babel/helper-create-regexp-features-plugin/download/@babel/helper-create-regexp-features-plugin-7.12.17.tgz#a2ac87e9e319269ac655b8d4415e94d38d663cb7"
    integrity sha1-oqyH6eMZJprGVbjUQV6U041mPLc=
    dependencies:
      "@babel/helper-annotate-as-pure" "^7.12.13"
      regexpu-core "^4.7.1"
  
  "@babel/helper-define-polyfill-provider@^0.1.2":
    version "0.1.2"
    resolved "https://registry.npm.taobao.org/@babel/helper-define-polyfill-provider/download/@babel/helper-define-polyfill-provider-0.1.2.tgz#619f01afe1deda460676c25c463b42eaefdb71a2"
    integrity sha1-YZ8Br+He2kYGdsJcRjtC6u/bcaI=
    dependencies:
      "@babel/helper-compilation-targets" "^7.13.0"
      "@babel/helper-module-imports" "^7.12.13"
      "@babel/helper-plugin-utils" "^7.13.0"
      "@babel/traverse" "^7.13.0"
      debug "^4.1.1"
      lodash.debounce "^4.0.8"
      resolve "^1.14.2"
      semver "^6.1.2"
  
  "@babel/helper-explode-assignable-expression@^7.12.13":
    version "7.13.0"
    resolved "https://registry.npm.taobao.org/@babel/helper-explode-assignable-expression/download/@babel/helper-explode-assignable-expression-7.13.0.tgz?cache=0&sync_timestamp=1614034233759&other_urls=https%3A%2F%2Fregistry.npm.taobao.org%2F%40babel%2Fhelper-explode-assignable-expression%2Fdownload%2F%40babel%2Fhelper-explode-assignable-expression-7.13.0.tgz#17b5c59ff473d9f956f40ef570cf3a76ca12657f"
    integrity sha1-F7XFn/Rz2flW9A71cM86dsoSZX8=
    dependencies:
      "@babel/types" "^7.13.0"
  
  "@babel/helper-function-name@^7.12.13":
    version "7.12.13"
    resolved "https://registry.npm.taobao.org/@babel/helper-function-name/download/@babel/helper-function-name-7.12.13.tgz#93ad656db3c3c2232559fd7b2c3dbdcbe0eb377a"
    integrity sha1-k61lbbPDwiMlWf17LD29y+DrN3o=
    dependencies:
      "@babel/helper-get-function-arity" "^7.12.13"
      "@babel/template" "^7.12.13"
      "@babel/types" "^7.12.13"
  
  "@babel/helper-get-function-arity@^7.12.13":
    version "7.12.13"
    resolved "https://registry.npm.taobao.org/@babel/helper-get-function-arity/download/@babel/helper-get-function-arity-7.12.13.tgz?cache=0&sync_timestamp=1612314652298&other_urls=https%3A%2F%2Fregistry.npm.taobao.org%2F%40babel%2Fhelper-get-function-arity%2Fdownload%2F%40babel%2Fhelper-get-function-arity-7.12.13.tgz#bc63451d403a3b3082b97e1d8b3fe5bd4091e583"
    integrity sha1-vGNFHUA6OzCCuX4diz/lvUCR5YM=
    dependencies:
      "@babel/types" "^7.12.13"
  
  "@babel/helper-hoist-variables@^7.12.13":
    version "7.13.0"
    resolved "https://registry.npm.taobao.org/@babel/helper-hoist-variables/download/@babel/helper-hoist-variables-7.13.0.tgz?cache=0&sync_timestamp=1614034233154&other_urls=https%3A%2F%2Fregistry.npm.taobao.org%2F%40babel%2Fhelper-hoist-variables%2Fdownload%2F%40babel%2Fhelper-hoist-variables-7.13.0.tgz#5d5882e855b5c5eda91e0cadc26c6e7a2c8593d8"
    integrity sha1-XViC6FW1xe2pHgytwmxueiyFk9g=
    dependencies:
      "@babel/traverse" "^7.13.0"
      "@babel/types" "^7.13.0"
  
  "@babel/helper-member-expression-to-functions@^7.13.0":
    version "7.13.0"
    resolved "https://registry.npm.taobao.org/@babel/helper-member-expression-to-functions/download/@babel/helper-member-expression-to-functions-7.13.0.tgz?cache=0&sync_timestamp=1614034230629&other_urls=https%3A%2F%2Fregistry.npm.taobao.org%2F%40babel%2Fhelper-member-expression-to-functions%2Fdownload%2F%40babel%2Fhelper-member-expression-to-functions-7.13.0.tgz#6aa4bb678e0f8c22f58cdb79451d30494461b091"
    integrity sha1-aqS7Z44PjCL1jNt5RR0wSURhsJE=
    dependencies:
      "@babel/types" "^7.13.0"
  
  "@babel/helper-module-imports@^7.0.0", "@babel/helper-module-imports@^7.12.13":
    version "7.12.13"
    resolved "https://registry.npm.taobao.org/@babel/helper-module-imports/download/@babel/helper-module-imports-7.12.13.tgz?cache=0&sync_timestamp=1612314630289&other_urls=https%3A%2F%2Fregistry.npm.taobao.org%2F%40babel%2Fhelper-module-imports%2Fdownload%2F%40babel%2Fhelper-module-imports-7.12.13.tgz#ec67e4404f41750463e455cc3203f6a32e93fcb0"
    integrity sha1-7GfkQE9BdQRj5FXMMgP2oy6T/LA=
    dependencies:
      "@babel/types" "^7.12.13"
  
  "@babel/helper-module-transforms@^7.12.13", "@babel/helper-module-transforms@^7.13.0":
    version "7.13.0"
    resolved "https://registry.npm.taobao.org/@babel/helper-module-transforms/download/@babel/helper-module-transforms-7.13.0.tgz?cache=0&sync_timestamp=1614035098405&other_urls=https%3A%2F%2Fregistry.npm.taobao.org%2F%40babel%2Fhelper-module-transforms%2Fdownload%2F%40babel%2Fhelper-module-transforms-7.13.0.tgz#42eb4bd8eea68bab46751212c357bfed8b40f6f1"
    integrity sha1-QutL2O6mi6tGdRISw1e/7YtA9vE=
    dependencies:
      "@babel/helper-module-imports" "^7.12.13"
      "@babel/helper-replace-supers" "^7.13.0"
      "@babel/helper-simple-access" "^7.12.13"
      "@babel/helper-split-export-declaration" "^7.12.13"
      "@babel/helper-validator-identifier" "^7.12.11"
      "@babel/template" "^7.12.13"
      "@babel/traverse" "^7.13.0"
      "@babel/types" "^7.13.0"
      lodash "^4.17.19"
  
  "@babel/helper-optimise-call-expression@^7.12.13":
    version "7.12.13"
    resolved "https://registry.npm.taobao.org/@babel/helper-optimise-call-expression/download/@babel/helper-optimise-call-expression-7.12.13.tgz#5c02d171b4c8615b1e7163f888c1c81c30a2aaea"
    integrity sha1-XALRcbTIYVsecWP4iMHIHDCiquo=
    dependencies:
      "@babel/types" "^7.12.13"
  
  "@babel/helper-plugin-utils@^7.0.0", "@babel/helper-plugin-utils@^7.10.4", "@babel/helper-plugin-utils@^7.12.13", "@babel/helper-plugin-utils@^7.13.0", "@babel/helper-plugin-utils@^7.8.0", "@babel/helper-plugin-utils@^7.8.3":
    version "7.13.0"
    resolved "https://registry.npm.taobao.org/@babel/helper-plugin-utils/download/@babel/helper-plugin-utils-7.13.0.tgz#806526ce125aed03373bc416a828321e3a6a33af"
    integrity sha1-gGUmzhJa7QM3O8QWqCgyHjpqM68=
  
  "@babel/helper-remap-async-to-generator@^7.13.0":
    version "7.13.0"
    resolved "https://registry.npm.taobao.org/@babel/helper-remap-async-to-generator/download/@babel/helper-remap-async-to-generator-7.13.0.tgz?cache=0&sync_timestamp=1614035099023&other_urls=https%3A%2F%2Fregistry.npm.taobao.org%2F%40babel%2Fhelper-remap-async-to-generator%2Fdownload%2F%40babel%2Fhelper-remap-async-to-generator-7.13.0.tgz#376a760d9f7b4b2077a9dd05aa9c3927cadb2209"
    integrity sha1-N2p2DZ97SyB3qd0Fqpw5J8rbIgk=
    dependencies:
      "@babel/helper-annotate-as-pure" "^7.12.13"
      "@babel/helper-wrap-function" "^7.13.0"
      "@babel/types" "^7.13.0"
  
  "@babel/helper-replace-supers@^7.12.13", "@babel/helper-replace-supers@^7.13.0":
    version "7.13.0"
    resolved "https://registry.npm.taobao.org/@babel/helper-replace-supers/download/@babel/helper-replace-supers-7.13.0.tgz?cache=0&sync_timestamp=1614035096522&other_urls=https%3A%2F%2Fregistry.npm.taobao.org%2F%40babel%2Fhelper-replace-supers%2Fdownload%2F%40babel%2Fhelper-replace-supers-7.13.0.tgz#6034b7b51943094cb41627848cb219cb02be1d24"
    integrity sha1-YDS3tRlDCUy0FieEjLIZywK+HSQ=
    dependencies:
      "@babel/helper-member-expression-to-functions" "^7.13.0"
      "@babel/helper-optimise-call-expression" "^7.12.13"
      "@babel/traverse" "^7.13.0"
      "@babel/types" "^7.13.0"
  
  "@babel/helper-simple-access@^7.12.13":
    version "7.12.13"
    resolved "https://registry.npm.taobao.org/@babel/helper-simple-access/download/@babel/helper-simple-access-7.12.13.tgz?cache=0&sync_timestamp=1612314687477&other_urls=https%3A%2F%2Fregistry.npm.taobao.org%2F%40babel%2Fhelper-simple-access%2Fdownload%2F%40babel%2Fhelper-simple-access-7.12.13.tgz#8478bcc5cacf6aa1672b251c1d2dde5ccd61a6c4"
    integrity sha1-hHi8xcrPaqFnKyUcHS3eXM1hpsQ=
    dependencies:
      "@babel/types" "^7.12.13"
  
  "@babel/helper-skip-transparent-expression-wrappers@^7.12.1":
    version "7.12.1"
    resolved "https://registry.npm.taobao.org/@babel/helper-skip-transparent-expression-wrappers/download/@babel/helper-skip-transparent-expression-wrappers-7.12.1.tgz#462dc63a7e435ade8468385c63d2b84cce4b3cbf"
    integrity sha1-Ri3GOn5DWt6EaDhcY9K4TM5LPL8=
    dependencies:
      "@babel/types" "^7.12.1"
  
  "@babel/helper-split-export-declaration@^7.12.13":
    version "7.12.13"
    resolved "https://registry.npm.taobao.org/@babel/helper-split-export-declaration/download/@babel/helper-split-export-declaration-7.12.13.tgz?cache=0&sync_timestamp=1612314686094&other_urls=https%3A%2F%2Fregistry.npm.taobao.org%2F%40babel%2Fhelper-split-export-declaration%2Fdownload%2F%40babel%2Fhelper-split-export-declaration-7.12.13.tgz#e9430be00baf3e88b0e13e6f9d4eaf2136372b05"
    integrity sha1-6UML4AuvPoiw4T5vnU6vITY3KwU=
    dependencies:
      "@babel/types" "^7.12.13"
  
  "@babel/helper-validator-identifier@^7.12.11":
    version "7.12.11"
    resolved "https://registry.npm.taobao.org/@babel/helper-validator-identifier/download/@babel/helper-validator-identifier-7.12.11.tgz?cache=0&sync_timestamp=1608076995361&other_urls=https%3A%2F%2Fregistry.npm.taobao.org%2F%40babel%2Fhelper-validator-identifier%2Fdownload%2F%40babel%2Fhelper-validator-identifier-7.12.11.tgz#c9a1f021917dcb5ccf0d4e453e399022981fc9ed"
    integrity sha1-yaHwIZF9y1zPDU5FPjmQIpgfye0=
  
  "@babel/helper-validator-option@^7.12.17":
    version "7.12.17"
    resolved "https://registry.npm.taobao.org/@babel/helper-validator-option/download/@babel/helper-validator-option-7.12.17.tgz#d1fbf012e1a79b7eebbfdc6d270baaf8d9eb9831"
    integrity sha1-0fvwEuGnm37rv9xtJwuq+NnrmDE=
  
  "@babel/helper-wrap-function@^7.13.0":
    version "7.13.0"
    resolved "https://registry.npm.taobao.org/@babel/helper-wrap-function/download/@babel/helper-wrap-function-7.13.0.tgz?cache=0&sync_timestamp=1614034233760&other_urls=https%3A%2F%2Fregistry.npm.taobao.org%2F%40babel%2Fhelper-wrap-function%2Fdownload%2F%40babel%2Fhelper-wrap-function-7.13.0.tgz#bdb5c66fda8526ec235ab894ad53a1235c79fcc4"
    integrity sha1-vbXGb9qFJuwjWriUrVOhI1x5/MQ=
    dependencies:
      "@babel/helper-function-name" "^7.12.13"
      "@babel/template" "^7.12.13"
      "@babel/traverse" "^7.13.0"
      "@babel/types" "^7.13.0"
  
  "@babel/helpers@^7.13.0":
    version "7.13.0"
    resolved "https://registry.npm.taobao.org/@babel/helpers/download/@babel/helpers-7.13.0.tgz?cache=0&sync_timestamp=1614035096837&other_urls=https%3A%2F%2Fregistry.npm.taobao.org%2F%40babel%2Fhelpers%2Fdownload%2F%40babel%2Fhelpers-7.13.0.tgz#7647ae57377b4f0408bf4f8a7af01c42e41badc0"
    integrity sha1-dkeuVzd7TwQIv0+KevAcQuQbrcA=
    dependencies:
      "@babel/template" "^7.12.13"
      "@babel/traverse" "^7.13.0"
      "@babel/types" "^7.13.0"
  
  "@babel/highlight@^7.12.13":
    version "7.12.13"
    resolved "https://registry.npm.taobao.org/@babel/highlight/download/@babel/highlight-7.12.13.tgz?cache=0&sync_timestamp=1612314610961&other_urls=https%3A%2F%2Fregistry.npm.taobao.org%2F%40babel%2Fhighlight%2Fdownload%2F%40babel%2Fhighlight-7.12.13.tgz#8ab538393e00370b26271b01fa08f7f27f2e795c"
    integrity sha1-irU4OT4ANwsmJxsB+gj38n8ueVw=
    dependencies:
      "@babel/helper-validator-identifier" "^7.12.11"
      chalk "^2.0.0"
      js-tokens "^4.0.0"
  
  "@babel/parser@^7.12.13", "@babel/parser@^7.13.0":
    version "7.13.4"
    resolved "https://registry.npm.taobao.org/@babel/parser/download/@babel/parser-7.13.4.tgz#340211b0da94a351a6f10e63671fa727333d13ab"
    integrity sha1-NAIRsNqUo1Gm8Q5jZx+nJzM9E6s=
  
  "@babel/plugin-proposal-async-generator-functions@^7.13.5":
    version "7.13.5"
    resolved "https://registry.npm.taobao.org/@babel/plugin-proposal-async-generator-functions/download/@babel/plugin-proposal-async-generator-functions-7.13.5.tgz#69e3fbb9958949b09036e27b26eba1aafa1ba3db"
    integrity sha1-aeP7uZWJSbCQNuJ7Juuhqvobo9s=
    dependencies:
      "@babel/helper-plugin-utils" "^7.13.0"
      "@babel/helper-remap-async-to-generator" "^7.13.0"
      "@babel/plugin-syntax-async-generators" "^7.8.0"
  
  "@babel/plugin-proposal-class-properties@^7.13.0":
    version "7.13.0"
    resolved "https://registry.npm.taobao.org/@babel/plugin-proposal-class-properties/download/@babel/plugin-proposal-class-properties-7.13.0.tgz?cache=0&sync_timestamp=1614035098704&other_urls=https%3A%2F%2Fregistry.npm.taobao.org%2F%40babel%2Fplugin-proposal-class-properties%2Fdownload%2F%40babel%2Fplugin-proposal-class-properties-7.13.0.tgz#146376000b94efd001e57a40a88a525afaab9f37"
    integrity sha1-FGN2AAuU79AB5XpAqIpSWvqrnzc=
    dependencies:
      "@babel/helper-create-class-features-plugin" "^7.13.0"
      "@babel/helper-plugin-utils" "^7.13.0"
  
  "@babel/plugin-proposal-dynamic-import@^7.12.17":
    version "7.12.17"
    resolved "https://registry.npm.taobao.org/@babel/plugin-proposal-dynamic-import/download/@babel/plugin-proposal-dynamic-import-7.12.17.tgz#e0ebd8db65acc37eac518fa17bead2174e224512"
    integrity sha1-4OvY22Wsw36sUY+he+rSF04iRRI=
    dependencies:
      "@babel/helper-plugin-utils" "^7.12.13"
      "@babel/plugin-syntax-dynamic-import" "^7.8.0"
  
  "@babel/plugin-proposal-export-namespace-from@^7.12.13":
    version "7.12.13"
    resolved "https://registry.npm.taobao.org/@babel/plugin-proposal-export-namespace-from/download/@babel/plugin-proposal-export-namespace-from-7.12.13.tgz#393be47a4acd03fa2af6e3cde9b06e33de1b446d"
    integrity sha1-OTvkekrNA/oq9uPN6bBuM94bRG0=
    dependencies:
      "@babel/helper-plugin-utils" "^7.12.13"
      "@babel/plugin-syntax-export-namespace-from" "^7.8.3"
  
  "@babel/plugin-proposal-json-strings@^7.12.13":
    version "7.12.13"
    resolved "https://registry.npm.taobao.org/@babel/plugin-proposal-json-strings/download/@babel/plugin-proposal-json-strings-7.12.13.tgz?cache=0&sync_timestamp=1612314816754&other_urls=https%3A%2F%2Fregistry.npm.taobao.org%2F%40babel%2Fplugin-proposal-json-strings%2Fdownload%2F%40babel%2Fplugin-proposal-json-strings-7.12.13.tgz#ced7888a2db92a3d520a2e35eb421fdb7fcc9b5d"
    integrity sha1-zteIii25Kj1SCi4160If23/Mm10=
    dependencies:
      "@babel/helper-plugin-utils" "^7.12.13"
      "@babel/plugin-syntax-json-strings" "^7.8.0"
  
  "@babel/plugin-proposal-logical-assignment-operators@^7.12.13":
    version "7.12.13"
    resolved "https://registry.npm.taobao.org/@babel/plugin-proposal-logical-assignment-operators/download/@babel/plugin-proposal-logical-assignment-operators-7.12.13.tgz#575b5d9a08d8299eeb4db6430da6e16e5cf14350"
    integrity sha1-V1tdmgjYKZ7rTbZDDabhblzxQ1A=
    dependencies:
      "@babel/helper-plugin-utils" "^7.12.13"
      "@babel/plugin-syntax-logical-assignment-operators" "^7.10.4"
  
  "@babel/plugin-proposal-nullish-coalescing-operator@^7.13.0":
    version "7.13.0"
    resolved "https://registry.npm.taobao.org/@babel/plugin-proposal-nullish-coalescing-operator/download/@babel/plugin-proposal-nullish-coalescing-operator-7.13.0.tgz#1a96fdf2c43109cfe5568513c5379015a23f5380"
    integrity sha1-Gpb98sQxCc/lVoUTxTeQFaI/U4A=
    dependencies:
      "@babel/helper-plugin-utils" "^7.13.0"
      "@babel/plugin-syntax-nullish-coalescing-operator" "^7.8.0"
  
  "@babel/plugin-proposal-numeric-separator@^7.12.13":
    version "7.12.13"
    resolved "https://registry.npm.taobao.org/@babel/plugin-proposal-numeric-separator/download/@babel/plugin-proposal-numeric-separator-7.12.13.tgz?cache=0&sync_timestamp=1612314835872&other_urls=https%3A%2F%2Fregistry.npm.taobao.org%2F%40babel%2Fplugin-proposal-numeric-separator%2Fdownload%2F%40babel%2Fplugin-proposal-numeric-separator-7.12.13.tgz#bd9da3188e787b5120b4f9d465a8261ce67ed1db"
    integrity sha1-vZ2jGI54e1EgtPnUZagmHOZ+0ds=
    dependencies:
      "@babel/helper-plugin-utils" "^7.12.13"
      "@babel/plugin-syntax-numeric-separator" "^7.10.4"
  
  "@babel/plugin-proposal-object-rest-spread@^7.13.0":
    version "7.13.0"
    resolved "https://registry.npm.taobao.org/@babel/plugin-proposal-object-rest-spread/download/@babel/plugin-proposal-object-rest-spread-7.13.0.tgz#8f19ad247bb96bd5ad2d4107e6eddfe0a789937b"
    integrity sha1-jxmtJHu5a9WtLUEH5u3f4KeJk3s=
    dependencies:
      "@babel/helper-plugin-utils" "^7.13.0"
      "@babel/plugin-syntax-object-rest-spread" "^7.8.0"
      "@babel/plugin-transform-parameters" "^7.13.0"
  
  "@babel/plugin-proposal-optional-catch-binding@^7.12.13":
    version "7.12.13"
    resolved "https://registry.npm.taobao.org/@babel/plugin-proposal-optional-catch-binding/download/@babel/plugin-proposal-optional-catch-binding-7.12.13.tgz?cache=0&sync_timestamp=1612314816858&other_urls=https%3A%2F%2Fregistry.npm.taobao.org%2F%40babel%2Fplugin-proposal-optional-catch-binding%2Fdownload%2F%40babel%2Fplugin-proposal-optional-catch-binding-7.12.13.tgz#4640520afe57728af14b4d1574ba844f263bcae5"
    integrity sha1-RkBSCv5XcorxS00VdLqETyY7yuU=
    dependencies:
      "@babel/helper-plugin-utils" "^7.12.13"
      "@babel/plugin-syntax-optional-catch-binding" "^7.8.0"
  
  "@babel/plugin-proposal-optional-chaining@^7.13.0":
    version "7.13.0"
    resolved "https://registry.npm.taobao.org/@babel/plugin-proposal-optional-chaining/download/@babel/plugin-proposal-optional-chaining-7.13.0.tgz#75b41ce0d883d19e8fe635fc3f846be3b1664f4d"
    integrity sha1-dbQc4NiD0Z6P5jX8P4Rr47FmT00=
    dependencies:
      "@babel/helper-plugin-utils" "^7.13.0"
      "@babel/helper-skip-transparent-expression-wrappers" "^7.12.1"
      "@babel/plugin-syntax-optional-chaining" "^7.8.0"
  
  "@babel/plugin-proposal-private-methods@^7.13.0":
    version "7.13.0"
    resolved "https://registry.npm.taobao.org/@babel/plugin-proposal-private-methods/download/@babel/plugin-proposal-private-methods-7.13.0.tgz?cache=0&sync_timestamp=1614035100398&other_urls=https%3A%2F%2Fregistry.npm.taobao.org%2F%40babel%2Fplugin-proposal-private-methods%2Fdownload%2F%40babel%2Fplugin-proposal-private-methods-7.13.0.tgz#04bd4c6d40f6e6bbfa2f57e2d8094bad900ef787"
    integrity sha1-BL1MbUD25rv6L1fi2AlLrZAO94c=
    dependencies:
      "@babel/helper-create-class-features-plugin" "^7.13.0"
      "@babel/helper-plugin-utils" "^7.13.0"
  
  "@babel/plugin-proposal-unicode-property-regex@^7.12.13", "@babel/plugin-proposal-unicode-property-regex@^7.4.4":
    version "7.12.13"
    resolved "https://registry.npm.taobao.org/@babel/plugin-proposal-unicode-property-regex/download/@babel/plugin-proposal-unicode-property-regex-7.12.13.tgz#bebde51339be829c17aaaaced18641deb62b39ba"
    integrity sha1-vr3lEzm+gpwXqqrO0YZB3rYrObo=
    dependencies:
      "@babel/helper-create-regexp-features-plugin" "^7.12.13"
      "@babel/helper-plugin-utils" "^7.12.13"
  
  "@babel/plugin-syntax-async-generators@^7.8.0":
    version "7.8.4"
    resolved "https://registry.npm.taobao.org/@babel/plugin-syntax-async-generators/download/@babel/plugin-syntax-async-generators-7.8.4.tgz#a983fb1aeb2ec3f6ed042a210f640e90e786fe0d"
    integrity sha1-qYP7Gusuw/btBCohD2QOkOeG/g0=
    dependencies:
      "@babel/helper-plugin-utils" "^7.8.0"
  
  "@babel/plugin-syntax-class-properties@^7.12.13":
    version "7.12.13"
    resolved "https://registry.npm.taobao.org/@babel/plugin-syntax-class-properties/download/@babel/plugin-syntax-class-properties-7.12.13.tgz#b5c987274c4a3a82b89714796931a6b53544ae10"
    integrity sha1-tcmHJ0xKOoK4lxR5aTGmtTVErhA=
    dependencies:
      "@babel/helper-plugin-utils" "^7.12.13"
  
  "@babel/plugin-syntax-dynamic-import@^7.8.0":
    version "7.8.3"
    resolved "https://registry.npm.taobao.org/@babel/plugin-syntax-dynamic-import/download/@babel/plugin-syntax-dynamic-import-7.8.3.tgz#62bf98b2da3cd21d626154fc96ee5b3cb68eacb3"
    integrity sha1-Yr+Ysto80h1iYVT8lu5bPLaOrLM=
    dependencies:
      "@babel/helper-plugin-utils" "^7.8.0"
  
  "@babel/plugin-syntax-export-namespace-from@^7.8.3":
    version "7.8.3"
    resolved "https://registry.npm.taobao.org/@babel/plugin-syntax-export-namespace-from/download/@babel/plugin-syntax-export-namespace-from-7.8.3.tgz#028964a9ba80dbc094c915c487ad7c4e7a66465a"
    integrity sha1-AolkqbqA28CUyRXEh618TnpmRlo=
    dependencies:
      "@babel/helper-plugin-utils" "^7.8.3"
  
  "@babel/plugin-syntax-json-strings@^7.8.0":
    version "7.8.3"
    resolved "https://registry.npm.taobao.org/@babel/plugin-syntax-json-strings/download/@babel/plugin-syntax-json-strings-7.8.3.tgz#01ca21b668cd8218c9e640cb6dd88c5412b2c96a"
    integrity sha1-AcohtmjNghjJ5kDLbdiMVBKyyWo=
    dependencies:
      "@babel/helper-plugin-utils" "^7.8.0"
  
  "@babel/plugin-syntax-logical-assignment-operators@^7.10.4":
    version "7.10.4"
    resolved "https://registry.npm.taobao.org/@babel/plugin-syntax-logical-assignment-operators/download/@babel/plugin-syntax-logical-assignment-operators-7.10.4.tgz#ca91ef46303530448b906652bac2e9fe9941f699"
    integrity sha1-ypHvRjA1MESLkGZSusLp/plB9pk=
    dependencies:
      "@babel/helper-plugin-utils" "^7.10.4"
  
  "@babel/plugin-syntax-nullish-coalescing-operator@^7.8.0":
    version "7.8.3"
    resolved "https://registry.npm.taobao.org/@babel/plugin-syntax-nullish-coalescing-operator/download/@babel/plugin-syntax-nullish-coalescing-operator-7.8.3.tgz#167ed70368886081f74b5c36c65a88c03b66d1a9"
    integrity sha1-Fn7XA2iIYIH3S1w2xlqIwDtm0ak=
    dependencies:
      "@babel/helper-plugin-utils" "^7.8.0"
  
  "@babel/plugin-syntax-numeric-separator@^7.10.4":
    version "7.10.4"
    resolved "https://registry.npm.taobao.org/@babel/plugin-syntax-numeric-separator/download/@babel/plugin-syntax-numeric-separator-7.10.4.tgz?cache=0&sync_timestamp=1593521788128&other_urls=https%3A%2F%2Fregistry.npm.taobao.org%2F%40babel%2Fplugin-syntax-numeric-separator%2Fdownload%2F%40babel%2Fplugin-syntax-numeric-separator-7.10.4.tgz#b9b070b3e33570cd9fd07ba7fa91c0dd37b9af97"
    integrity sha1-ubBws+M1cM2f0Hun+pHA3Te5r5c=
    dependencies:
      "@babel/helper-plugin-utils" "^7.10.4"
  
  "@babel/plugin-syntax-object-rest-spread@^7.8.0":
    version "7.8.3"
    resolved "https://registry.npm.taobao.org/@babel/plugin-syntax-object-rest-spread/download/@babel/plugin-syntax-object-rest-spread-7.8.3.tgz#60e225edcbd98a640332a2e72dd3e66f1af55871"
    integrity sha1-YOIl7cvZimQDMqLnLdPmbxr1WHE=
    dependencies:
      "@babel/helper-plugin-utils" "^7.8.0"
  
  "@babel/plugin-syntax-optional-catch-binding@^7.8.0":
    version "7.8.3"
    resolved "https://registry.npm.taobao.org/@babel/plugin-syntax-optional-catch-binding/download/@babel/plugin-syntax-optional-catch-binding-7.8.3.tgz#6111a265bcfb020eb9efd0fdfd7d26402b9ed6c1"
    integrity sha1-YRGiZbz7Ag6579D9/X0mQCue1sE=
    dependencies:
      "@babel/helper-plugin-utils" "^7.8.0"
  
  "@babel/plugin-syntax-optional-chaining@^7.8.0":
    version "7.8.3"
    resolved "https://registry.npm.taobao.org/@babel/plugin-syntax-optional-chaining/download/@babel/plugin-syntax-optional-chaining-7.8.3.tgz#4f69c2ab95167e0180cd5336613f8c5788f7d48a"
    integrity sha1-T2nCq5UWfgGAzVM2YT+MV4j31Io=
    dependencies:
      "@babel/helper-plugin-utils" "^7.8.0"
  
  "@babel/plugin-syntax-top-level-await@^7.12.13":
    version "7.12.13"
    resolved "https://registry.npm.taobao.org/@babel/plugin-syntax-top-level-await/download/@babel/plugin-syntax-top-level-await-7.12.13.tgz#c5f0fa6e249f5b739727f923540cf7a806130178"
    integrity sha1-xfD6biSfW3OXJ/kjVAz3qAYTAXg=
    dependencies:
      "@babel/helper-plugin-utils" "^7.12.13"
  
  "@babel/plugin-transform-arrow-functions@^7.13.0":
    version "7.13.0"
    resolved "https://registry.npm.taobao.org/@babel/plugin-transform-arrow-functions/download/@babel/plugin-transform-arrow-functions-7.13.0.tgz?cache=0&sync_timestamp=1614034212513&other_urls=https%3A%2F%2Fregistry.npm.taobao.org%2F%40babel%2Fplugin-transform-arrow-functions%2Fdownload%2F%40babel%2Fplugin-transform-arrow-functions-7.13.0.tgz#10a59bebad52d637a027afa692e8d5ceff5e3dae"
    integrity sha1-EKWb661S1jegJ6+mkujVzv9ePa4=
    dependencies:
      "@babel/helper-plugin-utils" "^7.13.0"
  
  "@babel/plugin-transform-async-to-generator@^7.13.0":
    version "7.13.0"
    resolved "https://registry.npm.taobao.org/@babel/plugin-transform-async-to-generator/download/@babel/plugin-transform-async-to-generator-7.13.0.tgz#8e112bf6771b82bf1e974e5e26806c5c99aa516f"
    integrity sha1-jhEr9ncbgr8el05eJoBsXJmqUW8=
    dependencies:
      "@babel/helper-module-imports" "^7.12.13"
      "@babel/helper-plugin-utils" "^7.13.0"
      "@babel/helper-remap-async-to-generator" "^7.13.0"
  
  "@babel/plugin-transform-block-scoped-functions@^7.12.13":
    version "7.12.13"
    resolved "https://registry.npm.taobao.org/@babel/plugin-transform-block-scoped-functions/download/@babel/plugin-transform-block-scoped-functions-7.12.13.tgz?cache=0&sync_timestamp=1612314818063&other_urls=https%3A%2F%2Fregistry.npm.taobao.org%2F%40babel%2Fplugin-transform-block-scoped-functions%2Fdownload%2F%40babel%2Fplugin-transform-block-scoped-functions-7.12.13.tgz#a9bf1836f2a39b4eb6cf09967739de29ea4bf4c4"
    integrity sha1-qb8YNvKjm062zwmWdzneKepL9MQ=
    dependencies:
      "@babel/helper-plugin-utils" "^7.12.13"
  
  "@babel/plugin-transform-block-scoping@^7.12.13":
    version "7.12.13"
    resolved "https://registry.npm.taobao.org/@babel/plugin-transform-block-scoping/download/@babel/plugin-transform-block-scoping-7.12.13.tgz?cache=0&other_urls=https%3A%2F%2Fregistry.npm.taobao.org%2F%40babel%2Fplugin-transform-block-scoping%2Fdownload%2F%40babel%2Fplugin-transform-block-scoping-7.12.13.tgz#f36e55076d06f41dfd78557ea039c1b581642e61"
    integrity sha1-825VB20G9B39eFV+oDnBtYFkLmE=
    dependencies:
      "@babel/helper-plugin-utils" "^7.12.13"
  
  "@babel/plugin-transform-classes@^7.13.0":
    version "7.13.0"
    resolved "https://registry.npm.taobao.org/@babel/plugin-transform-classes/download/@babel/plugin-transform-classes-7.13.0.tgz?cache=0&sync_timestamp=1614035097764&other_urls=https%3A%2F%2Fregistry.npm.taobao.org%2F%40babel%2Fplugin-transform-classes%2Fdownload%2F%40babel%2Fplugin-transform-classes-7.13.0.tgz#0265155075c42918bf4d3a4053134176ad9b533b"
    integrity sha1-AmUVUHXEKRi/TTpAUxNBdq2bUzs=
    dependencies:
      "@babel/helper-annotate-as-pure" "^7.12.13"
      "@babel/helper-function-name" "^7.12.13"
      "@babel/helper-optimise-call-expression" "^7.12.13"
      "@babel/helper-plugin-utils" "^7.13.0"
      "@babel/helper-replace-supers" "^7.13.0"
      "@babel/helper-split-export-declaration" "^7.12.13"
      globals "^11.1.0"
  
  "@babel/plugin-transform-computed-properties@^7.13.0":
    version "7.13.0"
    resolved "https://registry.npm.taobao.org/@babel/plugin-transform-computed-properties/download/@babel/plugin-transform-computed-properties-7.13.0.tgz?cache=0&sync_timestamp=1614034212505&other_urls=https%3A%2F%2Fregistry.npm.taobao.org%2F%40babel%2Fplugin-transform-computed-properties%2Fdownload%2F%40babel%2Fplugin-transform-computed-properties-7.13.0.tgz#845c6e8b9bb55376b1fa0b92ef0bdc8ea06644ed"
    integrity sha1-hFxui5u1U3ax+guS7wvcjqBmRO0=
    dependencies:
      "@babel/helper-plugin-utils" "^7.13.0"
  
  "@babel/plugin-transform-destructuring@^7.13.0":
    version "7.13.0"
    resolved "https://registry.npm.taobao.org/@babel/plugin-transform-destructuring/download/@babel/plugin-transform-destructuring-7.13.0.tgz?cache=0&sync_timestamp=1614034212503&other_urls=https%3A%2F%2Fregistry.npm.taobao.org%2F%40babel%2Fplugin-transform-destructuring%2Fdownload%2F%40babel%2Fplugin-transform-destructuring-7.13.0.tgz#c5dce270014d4e1ebb1d806116694c12b7028963"
    integrity sha1-xdzicAFNTh67HYBhFmlMErcCiWM=
    dependencies:
      "@babel/helper-plugin-utils" "^7.13.0"
  
  "@babel/plugin-transform-dotall-regex@^7.12.13", "@babel/plugin-transform-dotall-regex@^7.4.4":
    version "7.12.13"
    resolved "https://registry.npm.taobao.org/@babel/plugin-transform-dotall-regex/download/@babel/plugin-transform-dotall-regex-7.12.13.tgz#3f1601cc29905bfcb67f53910f197aeafebb25ad"
    integrity sha1-PxYBzCmQW/y2f1ORDxl66v67Ja0=
    dependencies:
      "@babel/helper-create-regexp-features-plugin" "^7.12.13"
      "@babel/helper-plugin-utils" "^7.12.13"
  
  "@babel/plugin-transform-duplicate-keys@^7.12.13":
    version "7.12.13"
    resolved "https://registry.npm.taobao.org/@babel/plugin-transform-duplicate-keys/download/@babel/plugin-transform-duplicate-keys-7.12.13.tgz?cache=0&sync_timestamp=1612314817333&other_urls=https%3A%2F%2Fregistry.npm.taobao.org%2F%40babel%2Fplugin-transform-duplicate-keys%2Fdownload%2F%40babel%2Fplugin-transform-duplicate-keys-7.12.13.tgz#6f06b87a8b803fd928e54b81c258f0a0033904de"
    integrity sha1-bwa4eouAP9ko5UuBwljwoAM5BN4=
    dependencies:
      "@babel/helper-plugin-utils" "^7.12.13"
  
  "@babel/plugin-transform-exponentiation-operator@^7.12.13":
    version "7.12.13"
    resolved "https://registry.npm.taobao.org/@babel/plugin-transform-exponentiation-operator/download/@babel/plugin-transform-exponentiation-operator-7.12.13.tgz#4d52390b9a273e651e4aba6aee49ef40e80cd0a1"
    integrity sha1-TVI5C5onPmUeSrpq7knvQOgM0KE=
    dependencies:
      "@babel/helper-builder-binary-assignment-operator-visitor" "^7.12.13"
      "@babel/helper-plugin-utils" "^7.12.13"
  
  "@babel/plugin-transform-for-of@^7.13.0":
    version "7.13.0"
    resolved "https://registry.npm.taobao.org/@babel/plugin-transform-for-of/download/@babel/plugin-transform-for-of-7.13.0.tgz?cache=0&sync_timestamp=1614034212987&other_urls=https%3A%2F%2Fregistry.npm.taobao.org%2F%40babel%2Fplugin-transform-for-of%2Fdownload%2F%40babel%2Fplugin-transform-for-of-7.13.0.tgz#c799f881a8091ac26b54867a845c3e97d2696062"
    integrity sha1-x5n4gagJGsJrVIZ6hFw+l9JpYGI=
    dependencies:
      "@babel/helper-plugin-utils" "^7.13.0"
  
  "@babel/plugin-transform-function-name@^7.12.13":
    version "7.12.13"
    resolved "https://registry.npm.taobao.org/@babel/plugin-transform-function-name/download/@babel/plugin-transform-function-name-7.12.13.tgz#bb024452f9aaed861d374c8e7a24252ce3a50051"
    integrity sha1-uwJEUvmq7YYdN0yOeiQlLOOlAFE=
    dependencies:
      "@babel/helper-function-name" "^7.12.13"
      "@babel/helper-plugin-utils" "^7.12.13"
  
  "@babel/plugin-transform-literals@^7.12.13":
    version "7.12.13"
    resolved "https://registry.npm.taobao.org/@babel/plugin-transform-literals/download/@babel/plugin-transform-literals-7.12.13.tgz?cache=0&sync_timestamp=1612314818038&other_urls=https%3A%2F%2Fregistry.npm.taobao.org%2F%40babel%2Fplugin-transform-literals%2Fdownload%2F%40babel%2Fplugin-transform-literals-7.12.13.tgz#2ca45bafe4a820197cf315794a4d26560fe4bdb9"
    integrity sha1-LKRbr+SoIBl88xV5Sk0mVg/kvbk=
    dependencies:
      "@babel/helper-plugin-utils" "^7.12.13"
  
  "@babel/plugin-transform-member-expression-literals@^7.12.13":
    version "7.12.13"
    resolved "https://registry.npm.taobao.org/@babel/plugin-transform-member-expression-literals/download/@babel/plugin-transform-member-expression-literals-7.12.13.tgz?cache=0&sync_timestamp=1612314834575&other_urls=https%3A%2F%2Fregistry.npm.taobao.org%2F%40babel%2Fplugin-transform-member-expression-literals%2Fdownload%2F%40babel%2Fplugin-transform-member-expression-literals-7.12.13.tgz#5ffa66cd59b9e191314c9f1f803b938e8c081e40"
    integrity sha1-X/pmzVm54ZExTJ8fgDuTjowIHkA=
    dependencies:
      "@babel/helper-plugin-utils" "^7.12.13"
  
  "@babel/plugin-transform-modules-amd@^7.13.0":
    version "7.13.0"
    resolved "https://registry.npm.taobao.org/@babel/plugin-transform-modules-amd/download/@babel/plugin-transform-modules-amd-7.13.0.tgz?cache=0&sync_timestamp=1614035101900&other_urls=https%3A%2F%2Fregistry.npm.taobao.org%2F%40babel%2Fplugin-transform-modules-amd%2Fdownload%2F%40babel%2Fplugin-transform-modules-amd-7.13.0.tgz#19f511d60e3d8753cc5a6d4e775d3a5184866cc3"
    integrity sha1-GfUR1g49h1PMWm1Od106UYSGbMM=
    dependencies:
      "@babel/helper-module-transforms" "^7.13.0"
      "@babel/helper-plugin-utils" "^7.13.0"
      babel-plugin-dynamic-import-node "^2.3.3"
  
  "@babel/plugin-transform-modules-commonjs@^7.13.0":
    version "7.13.0"
    resolved "https://registry.npm.taobao.org/@babel/plugin-transform-modules-commonjs/download/@babel/plugin-transform-modules-commonjs-7.13.0.tgz?cache=0&sync_timestamp=1614035100975&other_urls=https%3A%2F%2Fregistry.npm.taobao.org%2F%40babel%2Fplugin-transform-modules-commonjs%2Fdownload%2F%40babel%2Fplugin-transform-modules-commonjs-7.13.0.tgz#276932693a20d12c9776093fdc99c0d9995e34c6"
    integrity sha1-J2kyaTog0SyXdgk/3JnA2ZleNMY=
    dependencies:
      "@babel/helper-module-transforms" "^7.13.0"
      "@babel/helper-plugin-utils" "^7.13.0"
      "@babel/helper-simple-access" "^7.12.13"
      babel-plugin-dynamic-import-node "^2.3.3"
  
  "@babel/plugin-transform-modules-systemjs@^7.12.13":
    version "7.12.13"
    resolved "https://registry.npm.taobao.org/@babel/plugin-transform-modules-systemjs/download/@babel/plugin-transform-modules-systemjs-7.12.13.tgz?cache=0&sync_timestamp=1612314800325&other_urls=https%3A%2F%2Fregistry.npm.taobao.org%2F%40babel%2Fplugin-transform-modules-systemjs%2Fdownload%2F%40babel%2Fplugin-transform-modules-systemjs-7.12.13.tgz#351937f392c7f07493fc79b2118201d50404a3c5"
    integrity sha1-NRk385LH8HST/HmyEYIB1QQEo8U=
    dependencies:
      "@babel/helper-hoist-variables" "^7.12.13"
      "@babel/helper-module-transforms" "^7.12.13"
      "@babel/helper-plugin-utils" "^7.12.13"
      "@babel/helper-validator-identifier" "^7.12.11"
      babel-plugin-dynamic-import-node "^2.3.3"
  
  "@babel/plugin-transform-modules-umd@^7.13.0":
    version "7.13.0"
    resolved "https://registry.npm.taobao.org/@babel/plugin-transform-modules-umd/download/@babel/plugin-transform-modules-umd-7.13.0.tgz#8a3d96a97d199705b9fd021580082af81c06e70b"
    integrity sha1-ij2WqX0ZlwW5/QIVgAgq+BwG5ws=
    dependencies:
      "@babel/helper-module-transforms" "^7.13.0"
      "@babel/helper-plugin-utils" "^7.13.0"
  
  "@babel/plugin-transform-named-capturing-groups-regex@^7.12.13":
    version "7.12.13"
    resolved "https://registry.npm.taobao.org/@babel/plugin-transform-named-capturing-groups-regex/download/@babel/plugin-transform-named-capturing-groups-regex-7.12.13.tgz?cache=0&other_urls=https%3A%2F%2Fregistry.npm.taobao.org%2F%40babel%2Fplugin-transform-named-capturing-groups-regex%2Fdownload%2F%40babel%2Fplugin-transform-named-capturing-groups-regex-7.12.13.tgz#2213725a5f5bbbe364b50c3ba5998c9599c5c9d9"
    integrity sha1-IhNyWl9bu+NktQw7pZmMlZnFydk=
    dependencies:
      "@babel/helper-create-regexp-features-plugin" "^7.12.13"
  
  "@babel/plugin-transform-new-target@^7.12.13":
    version "7.12.13"
    resolved "https://registry.npm.taobao.org/@babel/plugin-transform-new-target/download/@babel/plugin-transform-new-target-7.12.13.tgz?cache=0&sync_timestamp=1612314816557&other_urls=https%3A%2F%2Fregistry.npm.taobao.org%2F%40babel%2Fplugin-transform-new-target%2Fdownload%2F%40babel%2Fplugin-transform-new-target-7.12.13.tgz#e22d8c3af24b150dd528cbd6e685e799bf1c351c"
    integrity sha1-4i2MOvJLFQ3VKMvW5oXnmb8cNRw=
    dependencies:
      "@babel/helper-plugin-utils" "^7.12.13"
  
  "@babel/plugin-transform-object-super@^7.12.13":
    version "7.12.13"
    resolved "https://registry.npm.taobao.org/@babel/plugin-transform-object-super/download/@babel/plugin-transform-object-super-7.12.13.tgz?cache=0&sync_timestamp=1612314795746&other_urls=https%3A%2F%2Fregistry.npm.taobao.org%2F%40babel%2Fplugin-transform-object-super%2Fdownload%2F%40babel%2Fplugin-transform-object-super-7.12.13.tgz#b4416a2d63b8f7be314f3d349bd55a9c1b5171f7"
    integrity sha1-tEFqLWO4974xTz00m9VanBtRcfc=
    dependencies:
      "@babel/helper-plugin-utils" "^7.12.13"
      "@babel/helper-replace-supers" "^7.12.13"
  
  "@babel/plugin-transform-parameters@^7.13.0":
    version "7.13.0"
    resolved "https://registry.npm.taobao.org/@babel/plugin-transform-parameters/download/@babel/plugin-transform-parameters-7.13.0.tgz?cache=0&sync_timestamp=1614034217661&other_urls=https%3A%2F%2Fregistry.npm.taobao.org%2F%40babel%2Fplugin-transform-parameters%2Fdownload%2F%40babel%2Fplugin-transform-parameters-7.13.0.tgz#8fa7603e3097f9c0b7ca1a4821bc2fb52e9e5007"
    integrity sha1-j6dgPjCX+cC3yhpIIbwvtS6eUAc=
    dependencies:
      "@babel/helper-plugin-utils" "^7.13.0"
  
  "@babel/plugin-transform-property-literals@^7.12.13":
    version "7.12.13"
    resolved "https://registry.npm.taobao.org/@babel/plugin-transform-property-literals/download/@babel/plugin-transform-property-literals-7.12.13.tgz#4e6a9e37864d8f1b3bc0e2dce7bf8857db8b1a81"
    integrity sha1-TmqeN4ZNjxs7wOLc57+IV9uLGoE=
    dependencies:
      "@babel/helper-plugin-utils" "^7.12.13"
  
  "@babel/plugin-transform-regenerator@^7.12.13":
    version "7.12.13"
    resolved "https://registry.npm.taobao.org/@babel/plugin-transform-regenerator/download/@babel/plugin-transform-regenerator-7.12.13.tgz?cache=0&sync_timestamp=1612314681275&other_urls=https%3A%2F%2Fregistry.npm.taobao.org%2F%40babel%2Fplugin-transform-regenerator%2Fdownload%2F%40babel%2Fplugin-transform-regenerator-7.12.13.tgz#b628bcc9c85260ac1aeb05b45bde25210194a2f5"
    integrity sha1-tii8ychSYKwa6wW0W94lIQGUovU=
    dependencies:
      regenerator-transform "^0.14.2"
  
  "@babel/plugin-transform-reserved-words@^7.12.13":
    version "7.12.13"
    resolved "https://registry.npm.taobao.org/@babel/plugin-transform-reserved-words/download/@babel/plugin-transform-reserved-words-7.12.13.tgz?cache=0&sync_timestamp=1612314845661&other_urls=https%3A%2F%2Fregistry.npm.taobao.org%2F%40babel%2Fplugin-transform-reserved-words%2Fdownload%2F%40babel%2Fplugin-transform-reserved-words-7.12.13.tgz#7d9988d4f06e0fe697ea1d9803188aa18b472695"
    integrity sha1-fZmI1PBuD+aX6h2YAxiKoYtHJpU=
    dependencies:
      "@babel/helper-plugin-utils" "^7.12.13"
  
  "@babel/plugin-transform-shorthand-properties@^7.12.13":
    version "7.12.13"
    resolved "https://registry.npm.taobao.org/@babel/plugin-transform-shorthand-properties/download/@babel/plugin-transform-shorthand-properties-7.12.13.tgz?cache=0&sync_timestamp=1612314820265&other_urls=https%3A%2F%2Fregistry.npm.taobao.org%2F%40babel%2Fplugin-transform-shorthand-properties%2Fdownload%2F%40babel%2Fplugin-transform-shorthand-properties-7.12.13.tgz#db755732b70c539d504c6390d9ce90fe64aff7ad"
    integrity sha1-23VXMrcMU51QTGOQ2c6Q/mSv960=
    dependencies:
      "@babel/helper-plugin-utils" "^7.12.13"
  
  "@babel/plugin-transform-spread@^7.13.0":
    version "7.13.0"
    resolved "https://registry.npm.taobao.org/@babel/plugin-transform-spread/download/@babel/plugin-transform-spread-7.13.0.tgz?cache=0&sync_timestamp=1614034217488&other_urls=https%3A%2F%2Fregistry.npm.taobao.org%2F%40babel%2Fplugin-transform-spread%2Fdownload%2F%40babel%2Fplugin-transform-spread-7.13.0.tgz#84887710e273c1815ace7ae459f6f42a5d31d5fd"
    integrity sha1-hIh3EOJzwYFaznrkWfb0Kl0x1f0=
    dependencies:
      "@babel/helper-plugin-utils" "^7.13.0"
      "@babel/helper-skip-transparent-expression-wrappers" "^7.12.1"
  
  "@babel/plugin-transform-sticky-regex@^7.12.13":
    version "7.12.13"
    resolved "https://registry.npm.taobao.org/@babel/plugin-transform-sticky-regex/download/@babel/plugin-transform-sticky-regex-7.12.13.tgz#760ffd936face73f860ae646fb86ee82f3d06d1f"
    integrity sha1-dg/9k2+s5z+GCuZG+4bugvPQbR8=
    dependencies:
      "@babel/helper-plugin-utils" "^7.12.13"
  
  "@babel/plugin-transform-template-literals@^7.13.0":
    version "7.13.0"
    resolved "https://registry.npm.taobao.org/@babel/plugin-transform-template-literals/download/@babel/plugin-transform-template-literals-7.13.0.tgz?cache=0&sync_timestamp=1614034222672&other_urls=https%3A%2F%2Fregistry.npm.taobao.org%2F%40babel%2Fplugin-transform-template-literals%2Fdownload%2F%40babel%2Fplugin-transform-template-literals-7.13.0.tgz#a36049127977ad94438dee7443598d1cefdf409d"
    integrity sha1-o2BJEnl3rZRDje50Q1mNHO/fQJ0=
    dependencies:
      "@babel/helper-plugin-utils" "^7.13.0"
  
  "@babel/plugin-transform-typeof-symbol@^7.12.13":
    version "7.12.13"
    resolved "https://registry.npm.taobao.org/@babel/plugin-transform-typeof-symbol/download/@babel/plugin-transform-typeof-symbol-7.12.13.tgz?cache=0&sync_timestamp=1612314820235&other_urls=https%3A%2F%2Fregistry.npm.taobao.org%2F%40babel%2Fplugin-transform-typeof-symbol%2Fdownload%2F%40babel%2Fplugin-transform-typeof-symbol-7.12.13.tgz#785dd67a1f2ea579d9c2be722de8c84cb85f5a7f"
    integrity sha1-eF3Weh8upXnZwr5yLejITLhfWn8=
    dependencies:
      "@babel/helper-plugin-utils" "^7.12.13"
  
  "@babel/plugin-transform-unicode-escapes@^7.12.13":
    version "7.12.13"
    resolved "https://registry.npm.taobao.org/@babel/plugin-transform-unicode-escapes/download/@babel/plugin-transform-unicode-escapes-7.12.13.tgz?cache=0&sync_timestamp=1612314845292&other_urls=https%3A%2F%2Fregistry.npm.taobao.org%2F%40babel%2Fplugin-transform-unicode-escapes%2Fdownload%2F%40babel%2Fplugin-transform-unicode-escapes-7.12.13.tgz#840ced3b816d3b5127dd1d12dcedc5dead1a5e74"
    integrity sha1-hAztO4FtO1En3R0S3O3F3q0aXnQ=
    dependencies:
      "@babel/helper-plugin-utils" "^7.12.13"
  
  "@babel/plugin-transform-unicode-regex@^7.12.13":
    version "7.12.13"
    resolved "https://registry.npm.taobao.org/@babel/plugin-transform-unicode-regex/download/@babel/plugin-transform-unicode-regex-7.12.13.tgz?cache=0&sync_timestamp=1612314820337&other_urls=https%3A%2F%2Fregistry.npm.taobao.org%2F%40babel%2Fplugin-transform-unicode-regex%2Fdownload%2F%40babel%2Fplugin-transform-unicode-regex-7.12.13.tgz#b52521685804e155b1202e83fc188d34bb70f5ac"
    integrity sha1-tSUhaFgE4VWxIC6D/BiNNLtw9aw=
    dependencies:
      "@babel/helper-create-regexp-features-plugin" "^7.12.13"
      "@babel/helper-plugin-utils" "^7.12.13"
  
  "@babel/preset-env@^7.13.5":
    version "7.13.5"
    resolved "https://registry.npm.taobao.org/@babel/preset-env/download/@babel/preset-env-7.13.5.tgz?cache=0&other_urls=https%3A%2F%2Fregistry.npm.taobao.org%2F%40babel%2Fpreset-env%2Fdownload%2F%40babel%2Fpreset-env-7.13.5.tgz#68b3bbc821a97fcdbf4bd0f6895b83d07f84f33e"
    integrity sha1-aLO7yCGpf82/S9D2iVuD0H+E8z4=
    dependencies:
      "@babel/compat-data" "^7.13.5"
      "@babel/helper-compilation-targets" "^7.13.0"
      "@babel/helper-plugin-utils" "^7.13.0"
      "@babel/helper-validator-option" "^7.12.17"
      "@babel/plugin-proposal-async-generator-functions" "^7.13.5"
      "@babel/plugin-proposal-class-properties" "^7.13.0"
      "@babel/plugin-proposal-dynamic-import" "^7.12.17"
      "@babel/plugin-proposal-export-namespace-from" "^7.12.13"
      "@babel/plugin-proposal-json-strings" "^7.12.13"
      "@babel/plugin-proposal-logical-assignment-operators" "^7.12.13"
      "@babel/plugin-proposal-nullish-coalescing-operator" "^7.13.0"
      "@babel/plugin-proposal-numeric-separator" "^7.12.13"
      "@babel/plugin-proposal-object-rest-spread" "^7.13.0"
      "@babel/plugin-proposal-optional-catch-binding" "^7.12.13"
      "@babel/plugin-proposal-optional-chaining" "^7.13.0"
      "@babel/plugin-proposal-private-methods" "^7.13.0"
      "@babel/plugin-proposal-unicode-property-regex" "^7.12.13"
      "@babel/plugin-syntax-async-generators" "^7.8.0"
      "@babel/plugin-syntax-class-properties" "^7.12.13"
      "@babel/plugin-syntax-dynamic-import" "^7.8.0"
      "@babel/plugin-syntax-export-namespace-from" "^7.8.3"
      "@babel/plugin-syntax-json-strings" "^7.8.0"
      "@babel/plugin-syntax-logical-assignment-operators" "^7.10.4"
      "@babel/plugin-syntax-nullish-coalescing-operator" "^7.8.0"
      "@babel/plugin-syntax-numeric-separator" "^7.10.4"
      "@babel/plugin-syntax-object-rest-spread" "^7.8.0"
      "@babel/plugin-syntax-optional-catch-binding" "^7.8.0"
      "@babel/plugin-syntax-optional-chaining" "^7.8.0"
      "@babel/plugin-syntax-top-level-await" "^7.12.13"
      "@babel/plugin-transform-arrow-functions" "^7.13.0"
      "@babel/plugin-transform-async-to-generator" "^7.13.0"
      "@babel/plugin-transform-block-scoped-functions" "^7.12.13"
      "@babel/plugin-transform-block-scoping" "^7.12.13"
      "@babel/plugin-transform-classes" "^7.13.0"
      "@babel/plugin-transform-computed-properties" "^7.13.0"
      "@babel/plugin-transform-destructuring" "^7.13.0"
      "@babel/plugin-transform-dotall-regex" "^7.12.13"
      "@babel/plugin-transform-duplicate-keys" "^7.12.13"
      "@babel/plugin-transform-exponentiation-operator" "^7.12.13"
      "@babel/plugin-transform-for-of" "^7.13.0"
      "@babel/plugin-transform-function-name" "^7.12.13"
      "@babel/plugin-transform-literals" "^7.12.13"
      "@babel/plugin-transform-member-expression-literals" "^7.12.13"
      "@babel/plugin-transform-modules-amd" "^7.13.0"
      "@babel/plugin-transform-modules-commonjs" "^7.13.0"
      "@babel/plugin-transform-modules-systemjs" "^7.12.13"
      "@babel/plugin-transform-modules-umd" "^7.13.0"
      "@babel/plugin-transform-named-capturing-groups-regex" "^7.12.13"
      "@babel/plugin-transform-new-target" "^7.12.13"
      "@babel/plugin-transform-object-super" "^7.12.13"
      "@babel/plugin-transform-parameters" "^7.13.0"
      "@babel/plugin-transform-property-literals" "^7.12.13"
      "@babel/plugin-transform-regenerator" "^7.12.13"
      "@babel/plugin-transform-reserved-words" "^7.12.13"
      "@babel/plugin-transform-shorthand-properties" "^7.12.13"
      "@babel/plugin-transform-spread" "^7.13.0"
      "@babel/plugin-transform-sticky-regex" "^7.12.13"
      "@babel/plugin-transform-template-literals" "^7.13.0"
      "@babel/plugin-transform-typeof-symbol" "^7.12.13"
      "@babel/plugin-transform-unicode-escapes" "^7.12.13"
      "@babel/plugin-transform-unicode-regex" "^7.12.13"
      "@babel/preset-modules" "^0.1.3"
      "@babel/types" "^7.13.0"
      babel-plugin-polyfill-corejs2 "^0.1.4"
      babel-plugin-polyfill-corejs3 "^0.1.3"
      babel-plugin-polyfill-regenerator "^0.1.2"
      core-js-compat "^3.9.0"
      semver "7.0.0"
  
  "@babel/preset-modules@^0.1.3":
    version "0.1.4"
    resolved "https://registry.npm.taobao.org/@babel/preset-modules/download/@babel/preset-modules-0.1.4.tgz#362f2b68c662842970fdb5e254ffc8fc1c2e415e"
    integrity sha1-Ni8raMZihClw/bXiVP/I/BwuQV4=
    dependencies:
      "@babel/helper-plugin-utils" "^7.0.0"
      "@babel/plugin-proposal-unicode-property-regex" "^7.4.4"
      "@babel/plugin-transform-dotall-regex" "^7.4.4"
      "@babel/types" "^7.4.4"
      esutils "^2.0.2"
  
  "@babel/runtime@^7.8.4":
    version "7.13.6"
    resolved "https://registry.npm.taobao.org/@babel/runtime/download/@babel/runtime-7.13.6.tgz#86e0fad6cbb46a680e21c1aa4748717a058d345a"
    integrity sha1-huD61su0amgOIcGqR0hxegWNNFo=
    dependencies:
      regenerator-runtime "^0.13.4"
  
  "@babel/template@^7.12.13":
    version "7.12.13"
    resolved "https://registry.npm.taobao.org/@babel/template/download/@babel/template-7.12.13.tgz#530265be8a2589dbb37523844c5bcb55947fb327"
    integrity sha1-UwJlvooliduzdSOETFvLVZR/syc=
    dependencies:
      "@babel/code-frame" "^7.12.13"
      "@babel/parser" "^7.12.13"
      "@babel/types" "^7.12.13"
  
  "@babel/traverse@^7.13.0":
    version "7.13.0"
    resolved "https://registry.npm.taobao.org/@babel/traverse/download/@babel/traverse-7.13.0.tgz?cache=0&sync_timestamp=1614035095258&other_urls=https%3A%2F%2Fregistry.npm.taobao.org%2F%40babel%2Ftraverse%2Fdownload%2F%40babel%2Ftraverse-7.13.0.tgz#6d95752475f86ee7ded06536de309a65fc8966cc"
    integrity sha1-bZV1JHX4bufe0GU23jCaZfyJZsw=
    dependencies:
      "@babel/code-frame" "^7.12.13"
      "@babel/generator" "^7.13.0"
      "@babel/helper-function-name" "^7.12.13"
      "@babel/helper-split-export-declaration" "^7.12.13"
      "@babel/parser" "^7.13.0"
      "@babel/types" "^7.13.0"
      debug "^4.1.0"
      globals "^11.1.0"
      lodash "^4.17.19"
  
  "@babel/types@^7.12.1", "@babel/types@^7.12.13", "@babel/types@^7.13.0", "@babel/types@^7.4.4":
    version "7.13.0"
    resolved "https://registry.npm.taobao.org/@babel/types/download/@babel/types-7.13.0.tgz?cache=0&sync_timestamp=1614034208093&other_urls=https%3A%2F%2Fregistry.npm.taobao.org%2F%40babel%2Ftypes%2Fdownload%2F%40babel%2Ftypes-7.13.0.tgz#74424d2816f0171b4100f0ab34e9a374efdf7f80"
    integrity sha1-dEJNKBbwFxtBAPCrNOmjdO/ff4A=
    dependencies:
      "@babel/helper-validator-identifier" "^7.12.11"
      lodash "^4.17.19"
      to-fast-properties "^2.0.0"
  
  "@rollup/plugin-buble@^0.21.3":
    version "0.21.3"
    resolved "https://registry.npm.taobao.org/@rollup/plugin-buble/download/@rollup/plugin-buble-0.21.3.tgz#1649a915b1d051a4f430d40e7734a7f67a69b33e"
    integrity sha1-FkmpFbHQUaT0MNQOdzSn9nppsz4=
    dependencies:
      "@rollup/pluginutils" "^3.0.8"
      "@types/buble" "^0.19.2"
      buble "^0.20.0"
  
  "@rollup/pluginutils@^3.0.8":
    version "3.1.0"
    resolved "https://registry.npm.taobao.org/@rollup/pluginutils/download/@rollup/pluginutils-3.1.0.tgz?cache=0&sync_timestamp=1603767889260&other_urls=https%3A%2F%2Fregistry.npm.taobao.org%2F%40rollup%2Fpluginutils%2Fdownload%2F%40rollup%2Fpluginutils-3.1.0.tgz#706b4524ee6dc8b103b3c995533e5ad680c02b9b"
    integrity sha1-cGtFJO5tyLEDs8mVUz5a1oDAK5s=
    dependencies:
      "@types/estree" "0.0.39"
      estree-walker "^1.0.1"
      picomatch "^2.2.2"
  
  "@types/buble@^0.19.2":
    version "0.19.2"
    resolved "https://registry.npm.taobao.org/@types/buble/download/@types/buble-0.19.2.tgz#a4289d20b175b3c206aaad80caabdabe3ecdfdd1"
    integrity sha1-pCidILF1s8IGqq2Ayqvavj7N/dE=
    dependencies:
      magic-string "^0.25.0"
  
  "@types/estree@0.0.39":
    version "0.0.39"
    resolved "https://registry.npm.taobao.org/@types/estree/download/@types/estree-0.0.39.tgz?cache=0&sync_timestamp=1613378518188&other_urls=https%3A%2F%2Fregistry.npm.taobao.org%2F%40types%2Festree%2Fdownload%2F%40types%2Festree-0.0.39.tgz#e177e699ee1b8c22d23174caaa7422644389509f"
    integrity sha1-4Xfmme4bjCLSMXTKqnQiZEOJUJ8=
  
  acorn-dynamic-import@^4.0.0:
    version "4.0.0"
    resolved "https://registry.npm.taobao.org/acorn-dynamic-import/download/acorn-dynamic-import-4.0.0.tgz#482210140582a36b83c3e342e1cfebcaa9240948"
    integrity sha1-SCIQFAWCo2uDw+NC4c/ryqkkCUg=
  
  acorn-jsx@^5.2.0:
    version "5.3.1"
    resolved "https://registry.npm.taobao.org/acorn-jsx/download/acorn-jsx-5.3.1.tgz?cache=0&sync_timestamp=1599499155970&other_urls=https%3A%2F%2Fregistry.npm.taobao.org%2Facorn-jsx%2Fdownload%2Facorn-jsx-5.3.1.tgz#fc8661e11b7ac1539c47dbfea2e72b3af34d267b"
    integrity sha1-/IZh4Rt6wVOcR9v+oucrOvNNJns=
  
  acorn@^6.4.1:
    version "6.4.2"
    resolved "https://registry.npm.taobao.org/acorn/download/acorn-6.4.2.tgz?cache=0&sync_timestamp=1611561275462&other_urls=https%3A%2F%2Fregistry.npm.taobao.org%2Facorn%2Fdownload%2Facorn-6.4.2.tgz#35866fd710528e92de10cf06016498e47e39e1e6"
    integrity sha1-NYZv1xBSjpLeEM8GAWSY5H454eY=
  
  ansi-styles@^3.2.1:
    version "3.2.1"
    resolved "https://registry.npm.taobao.org/ansi-styles/download/ansi-styles-3.2.1.tgz?cache=0&sync_timestamp=1611325747047&other_urls=https%3A%2F%2Fregistry.npm.taobao.org%2Fansi-styles%2Fdownload%2Fansi-styles-3.2.1.tgz#41fbb20243e50b12be0f04b8dedbf07520ce841d"
    integrity sha1-QfuyAkPlCxK+DwS43tvwdSDOhB0=
    dependencies:
      color-convert "^1.9.0"
  
  anymatch@~3.1.1:
    version "3.1.1"
    resolved "https://registry.npm.taobao.org/anymatch/download/anymatch-3.1.1.tgz#c55ecf02185e2469259399310c173ce31233b142"
    integrity sha1-xV7PAhheJGklk5kxDBc84xIzsUI=
    dependencies:
      normalize-path "^3.0.0"
      picomatch "^2.0.4"
  
  async-limiter@~1.0.0:
    version "1.0.1"
    resolved "https://registry.npm.taobao.org/async-limiter/download/async-limiter-1.0.1.tgz#dd379e94f0db8310b08291f9d64c3209766617fd"
    integrity sha1-3TeelPDbgxCwgpH51kwyCXZmF/0=
  
  babel-plugin-dynamic-import-node@^2.3.3:
    version "2.3.3"
    resolved "https://registry.npm.taobao.org/babel-plugin-dynamic-import-node/download/babel-plugin-dynamic-import-node-2.3.3.tgz#84fda19c976ec5c6defef57f9427b3def66e17a3"
    integrity sha1-hP2hnJduxcbe/vV/lCez3vZuF6M=
    dependencies:
      object.assign "^4.1.0"
  
  babel-plugin-polyfill-corejs2@^0.1.4:
    version "0.1.5"
    resolved "https://registry.npm.taobao.org/babel-plugin-polyfill-corejs2/download/babel-plugin-polyfill-corejs2-0.1.5.tgz?cache=0&sync_timestamp=1614086523575&other_urls=https%3A%2F%2Fregistry.npm.taobao.org%2Fbabel-plugin-polyfill-corejs2%2Fdownload%2Fbabel-plugin-polyfill-corejs2-0.1.5.tgz#8fc4779965311393594a1b9ad3adefab3860c8fe"
    integrity sha1-j8R3mWUxE5NZShua063vqzhgyP4=
    dependencies:
      "@babel/compat-data" "^7.13.0"
      "@babel/helper-define-polyfill-provider" "^0.1.2"
      semver "^6.1.1"
  
  babel-plugin-polyfill-corejs3@^0.1.3:
    version "0.1.4"
    resolved "https://registry.npm.taobao.org/babel-plugin-polyfill-corejs3/download/babel-plugin-polyfill-corejs3-0.1.4.tgz?cache=0&sync_timestamp=1614086524256&other_urls=https%3A%2F%2Fregistry.npm.taobao.org%2Fbabel-plugin-polyfill-corejs3%2Fdownload%2Fbabel-plugin-polyfill-corejs3-0.1.4.tgz#2ae290200e953bade30907b7a3bebcb696e6c59d"
    integrity sha1-KuKQIA6VO63jCQe3o768tpbmxZ0=
    dependencies:
      "@babel/helper-define-polyfill-provider" "^0.1.2"
      core-js-compat "^3.8.1"
  
  babel-plugin-polyfill-regenerator@^0.1.2:
    version "0.1.3"
    resolved "https://registry.npm.taobao.org/babel-plugin-polyfill-regenerator/download/babel-plugin-polyfill-regenerator-0.1.3.tgz#350f857225fc640ae1ec78d1536afcbb457db841"
    integrity sha1-NQ+FciX8ZArh7HjRU2r8u0V9uEE=
    dependencies:
      "@babel/helper-define-polyfill-provider" "^0.1.2"
  
  binary-extensions@^2.0.0:
    version "2.2.0"
    resolved "https://registry.npm.taobao.org/binary-extensions/download/binary-extensions-2.2.0.tgz#75f502eeaf9ffde42fc98829645be4ea76bd9e2d"
    integrity sha1-dfUC7q+f/eQvyYgpZFvk6na9ni0=
  
  braces@~3.0.2:
    version "3.0.2"
    resolved "https://registry.npm.taobao.org/braces/download/braces-3.0.2.tgz#3454e1a462ee8d599e236df336cd9ea4f8afe107"
    integrity sha1-NFThpGLujVmeI23zNs2epPiv4Qc=
    dependencies:
      fill-range "^7.0.1"
  
  browserslist@^4.14.5, browserslist@^4.16.3:
    version "4.16.3"
    resolved "https://registry.npm.taobao.org/browserslist/download/browserslist-4.16.3.tgz#340aa46940d7db878748567c5dea24a48ddf3717"
    integrity sha1-NAqkaUDX24eHSFZ8XeokpI3fNxc=
    dependencies:
      caniuse-lite "^1.0.30001181"
      colorette "^1.2.1"
      electron-to-chromium "^1.3.649"
      escalade "^3.1.1"
      node-releases "^1.1.70"
  
  buble@^0.20.0:
    version "0.20.0"
    resolved "https://registry.npm.taobao.org/buble/download/buble-0.20.0.tgz#a143979a8d968b7f76b57f38f2e7ce7cfe938d1f"
    integrity sha1-oUOXmo2Wi392tX848ufOfP6TjR8=
    dependencies:
      acorn "^6.4.1"
      acorn-dynamic-import "^4.0.0"
      acorn-jsx "^5.2.0"
      chalk "^2.4.2"
      magic-string "^0.25.7"
      minimist "^1.2.5"
      regexpu-core "4.5.4"
  
  call-bind@^1.0.0:
    version "1.0.2"
    resolved "https://registry.npm.taobao.org/call-bind/download/call-bind-1.0.2.tgz#b1d4e89e688119c3c9a903ad30abb2f6a919be3c"
    integrity sha1-sdTonmiBGcPJqQOtMKuy9qkZvjw=
    dependencies:
      function-bind "^1.1.1"
      get-intrinsic "^1.0.2"
  
  caniuse-lite@^1.0.30001181:
    version "1.0.30001191"
    resolved "https://registry.npm.taobao.org/caniuse-lite/download/caniuse-lite-1.0.30001191.tgz?cache=0&sync_timestamp=1613979278521&other_urls=https%3A%2F%2Fregistry.npm.taobao.org%2Fcaniuse-lite%2Fdownload%2Fcaniuse-lite-1.0.30001191.tgz#bacb432b6701f690c8c5f7c680166b9a9f0843d9"
    integrity sha1-ustDK2cB9pDIxffGgBZrmp8IQ9k=
  
  chalk@^2.0.0, chalk@^2.4.2:
    version "2.4.2"
    resolved "https://registry.npm.taobao.org/chalk/download/chalk-2.4.2.tgz#cd42541677a54333cf541a49108c1432b44c9424"
    integrity sha1-zUJUFnelQzPPVBpJEIwUMrRMlCQ=
    dependencies:
      ansi-styles "^3.2.1"
      escape-string-regexp "^1.0.5"
      supports-color "^5.3.0"
  
  chokidar@^3.3.0:
    version "3.5.1"
    resolved "https://registry.npm.taobao.org/chokidar/download/chokidar-3.5.1.tgz#ee9ce7bbebd2b79f49f304799d5468e31e14e68a"
    integrity sha1-7pznu+vSt59J8wR5nVRo4x4U5oo=
    dependencies:
      anymatch "~3.1.1"
      braces "~3.0.2"
      glob-parent "~5.1.0"
      is-binary-path "~2.1.0"
      is-glob "~4.0.1"
      normalize-path "~3.0.0"
      readdirp "~3.5.0"
    optionalDependencies:
      fsevents "~2.3.1"
  
  color-convert@^1.9.0:
    version "1.9.3"
    resolved "https://registry.npm.taobao.org/color-convert/download/color-convert-1.9.3.tgz#bb71850690e1f136567de629d2d5471deda4c1e8"
    integrity sha1-u3GFBpDh8TZWfeYp0tVHHe2kweg=
    dependencies:
      color-name "1.1.3"
  
  color-name@1.1.3:
    version "1.1.3"
    resolved "https://registry.npm.taobao.org/color-name/download/color-name-1.1.3.tgz#a7d0558bd89c42f795dd42328f740831ca53bc25"
    integrity sha1-p9BVi9icQveV3UIyj3QIMcpTvCU=
  
  colorette@^1.2.1:
    version "1.2.1"
    resolved "https://registry.npm.taobao.org/colorette/download/colorette-1.2.1.tgz?cache=0&sync_timestamp=1593955763917&other_urls=https%3A%2F%2Fregistry.npm.taobao.org%2Fcolorette%2Fdownload%2Fcolorette-1.2.1.tgz#4d0b921325c14faf92633086a536db6e89564b1b"
    integrity sha1-TQuSEyXBT6+SYzCGpTbbbolWSxs=
  
  convert-source-map@^1.7.0:
    version "1.7.0"
    resolved "https://registry.npm.taobao.org/convert-source-map/download/convert-source-map-1.7.0.tgz#17a2cb882d7f77d3490585e2ce6c524424a3a442"
    integrity sha1-F6LLiC1/d9NJBYXizmxSRCSjpEI=
    dependencies:
      safe-buffer "~5.1.1"
  
  core-js-compat@^3.8.1, core-js-compat@^3.9.0:
    version "3.9.0"
    resolved "https://registry.npm.taobao.org/core-js-compat/download/core-js-compat-3.9.0.tgz?cache=0&sync_timestamp=1613668838540&other_urls=https%3A%2F%2Fregistry.npm.taobao.org%2Fcore-js-compat%2Fdownload%2Fcore-js-compat-3.9.0.tgz#29da39385f16b71e1915565aa0385c4e0963ad56"
    integrity sha1-Kdo5OF8Wtx4ZFVZaoDhcTgljrVY=
    dependencies:
      browserslist "^4.16.3"
      semver "7.0.0"
  
  crelt@^1.0.0:
    version "1.0.5"
    resolved "https://registry.npm.taobao.org/crelt/download/crelt-1.0.5.tgz#57c0d52af8c859e354bace1883eb2e1eb182bb94"
    integrity sha1-V8DVKvjIWeNUus4Yg+suHrGCu5Q=
  
  debug@^4.1.0, debug@^4.1.1:
    version "4.3.1"
    resolved "https://registry.npm.taobao.org/debug/download/debug-4.3.1.tgz?cache=0&sync_timestamp=1607566533140&other_urls=https%3A%2F%2Fregistry.npm.taobao.org%2Fdebug%2Fdownload%2Fdebug-4.3.1.tgz#f0d229c505e0c6d8c49ac553d1b13dc183f6b2ee"
    integrity sha1-8NIpxQXgxtjEmsVT0bE9wYP2su4=
    dependencies:
      ms "2.1.2"
  
  define-properties@^1.1.3:
    version "1.1.3"
    resolved "https://registry.npm.taobao.org/define-properties/download/define-properties-1.1.3.tgz#cf88da6cbee26fe6db7094f61d870cbd84cee9f1"
    integrity sha1-z4jabL7ib+bbcJT2HYcMvYTO6fE=
    dependencies:
      object-keys "^1.0.12"
  
  electron-to-chromium@^1.3.649:
    version "1.3.673"
    resolved "https://registry.npm.taobao.org/electron-to-chromium/download/electron-to-chromium-1.3.673.tgz?cache=0&sync_timestamp=1614136463199&other_urls=https%3A%2F%2Fregistry.npm.taobao.org%2Felectron-to-chromium%2Fdownload%2Felectron-to-chromium-1.3.673.tgz#b4f81c930b388f962b7eba20d0483299aaa40913"
    integrity sha1-tPgckws4j5Yrfrog0EgymaqkCRM=
  
  escalade@^3.1.1:
    version "3.1.1"
    resolved "https://registry.npm.taobao.org/escalade/download/escalade-3.1.1.tgz#d8cfdc7000965c5a0174b4a82eaa5c0552742e40"
    integrity sha1-2M/ccACWXFoBdLSoLqpcBVJ0LkA=
  
  escape-string-regexp@^1.0.5:
    version "1.0.5"
    resolved "https://registry.npm.taobao.org/escape-string-regexp/download/escape-string-regexp-1.0.5.tgz?cache=0&other_urls=https%3A%2F%2Fregistry.npm.taobao.org%2Fescape-string-regexp%2Fdownload%2Fescape-string-regexp-1.0.5.tgz#1b61c0562190a8dff6ae3bb2cf0200ca130b86d4"
    integrity sha1-G2HAViGQqN/2rjuyzwIAyhMLhtQ=
  
  estree-walker@^0.6.1:
    version "0.6.1"
    resolved "https://registry.npm.taobao.org/estree-walker/download/estree-walker-0.6.1.tgz?cache=0&sync_timestamp=1611956983677&other_urls=https%3A%2F%2Fregistry.npm.taobao.org%2Festree-walker%2Fdownload%2Festree-walker-0.6.1.tgz#53049143f40c6eb918b23671d1fe3219f3a1b362"
    integrity sha1-UwSRQ/QMbrkYsjZx0f4yGfOhs2I=
  
  estree-walker@^1.0.1:
    version "1.0.1"
    resolved "https://registry.npm.taobao.org/estree-walker/download/estree-walker-1.0.1.tgz?cache=0&sync_timestamp=1611956983677&other_urls=https%3A%2F%2Fregistry.npm.taobao.org%2Festree-walker%2Fdownload%2Festree-walker-1.0.1.tgz#31bc5d612c96b704106b477e6dd5d8aa138cb700"
    integrity sha1-MbxdYSyWtwQQa0d+bdXYqhOMtwA=
  
  esutils@^2.0.2:
    version "2.0.3"
    resolved "https://registry.npm.taobao.org/esutils/download/esutils-2.0.3.tgz#74d2eb4de0b8da1293711910d50775b9b710ef64"
    integrity sha1-dNLrTeC42hKTcRkQ1Qd1ubcQ72Q=
  
  fill-range@^7.0.1:
    version "7.0.1"
    resolved "https://registry.npm.taobao.org/fill-range/download/fill-range-7.0.1.tgz#1919a6a7c75fe38b2c7c77e5198535da9acdda40"
    integrity sha1-GRmmp8df44ssfHflGYU12prN2kA=
    dependencies:
      to-regex-range "^5.0.1"
  
  fsevents@~2.3.1:
    version "2.3.2"
    resolved "https://registry.npm.taobao.org/fsevents/download/fsevents-2.3.2.tgz#8a526f78b8fdf4623b709e0b975c52c24c02fd1a"
    integrity sha1-ilJveLj99GI7cJ4Ll1xSwkwC/Ro=
  
  function-bind@^1.1.1:
    version "1.1.1"
    resolved "https://registry.npm.taobao.org/function-bind/download/function-bind-1.1.1.tgz#a56899d3ea3c9bab874bb9773b7c5ede92f4895d"
    integrity sha1-pWiZ0+o8m6uHS7l3O3xe3pL0iV0=
  
  gensync@^1.0.0-beta.2:
    version "1.0.0-beta.2"
    resolved "https://registry.npm.taobao.org/gensync/download/gensync-1.0.0-beta.2.tgz#32a6ee76c3d7f52d46b2b1ae5d93fea8580a25e0"
    integrity sha1-MqbudsPX9S1GsrGuXZP+qFgKJeA=
  
  get-intrinsic@^1.0.2:
    version "1.1.1"
    resolved "https://registry.npm.taobao.org/get-intrinsic/download/get-intrinsic-1.1.1.tgz#15f59f376f855c446963948f0d24cd3637b4abc6"
    integrity sha1-FfWfN2+FXERpY5SPDSTNNje0q8Y=
    dependencies:
      function-bind "^1.1.1"
      has "^1.0.3"
      has-symbols "^1.0.1"
  
  glob-parent@~5.1.0:
    version "5.1.1"
    resolved "https://registry.npm.taobao.org/glob-parent/download/glob-parent-5.1.1.tgz#b6c1ef417c4e5663ea498f1c45afac6916bbc229"
    integrity sha1-tsHvQXxOVmPqSY8cRa+saRa7wik=
    dependencies:
      is-glob "^4.0.1"
  
  globals@^11.1.0:
    version "11.12.0"
    resolved "https://registry.npm.taobao.org/globals/download/globals-11.12.0.tgz?cache=0&sync_timestamp=1613453280429&other_urls=https%3A%2F%2Fregistry.npm.taobao.org%2Fglobals%2Fdownload%2Fglobals-11.12.0.tgz#ab8795338868a0babd8525758018c2a7eb95c42e"
    integrity sha1-q4eVM4hooLq9hSV1gBjCp+uVxC4=
  
  has-flag@^3.0.0:
    version "3.0.0"
    resolved "https://registry.npm.taobao.org/has-flag/download/has-flag-3.0.0.tgz#b5d454dc2199ae225699f3467e5a07f3b955bafd"
    integrity sha1-tdRU3CGZriJWmfNGfloH87lVuv0=
  
  has-symbols@^1.0.1:
    version "1.0.1"
    resolved "https://registry.npm.taobao.org/has-symbols/download/has-symbols-1.0.1.tgz#9f5214758a44196c406d9bd76cebf81ec2dd31e8"
    integrity sha1-n1IUdYpEGWxAbZvXbOv4HsLdMeg=
  
  has@^1.0.3:
    version "1.0.3"
    resolved "https://registry.npm.taobao.org/has/download/has-1.0.3.tgz#722d7cbfc1f6aa8241f16dd814e011e1f41e8796"
    integrity sha1-ci18v8H2qoJB8W3YFOAR4fQeh5Y=
    dependencies:
      function-bind "^1.1.1"
  
  is-binary-path@~2.1.0:
    version "2.1.0"
    resolved "https://registry.npm.taobao.org/is-binary-path/download/is-binary-path-2.1.0.tgz#ea1f7f3b80f064236e83470f86c09c254fb45b09"
    integrity sha1-6h9/O4DwZCNug0cPhsCcJU+0Wwk=
    dependencies:
      binary-extensions "^2.0.0"
  
  is-core-module@^2.2.0:
    version "2.2.0"
    resolved "https://registry.npm.taobao.org/is-core-module/download/is-core-module-2.2.0.tgz?cache=0&sync_timestamp=1606411622542&other_urls=https%3A%2F%2Fregistry.npm.taobao.org%2Fis-core-module%2Fdownload%2Fis-core-module-2.2.0.tgz#97037ef3d52224d85163f5597b2b63d9afed981a"
    integrity sha1-lwN+89UiJNhRY/VZeytj2a/tmBo=
    dependencies:
      has "^1.0.3"
  
  is-extglob@^2.1.1:
    version "2.1.1"
    resolved "https://registry.npm.taobao.org/is-extglob/download/is-extglob-2.1.1.tgz#a88c02535791f02ed37c76a1b9ea9773c833f8c2"
    integrity sha1-qIwCU1eR8C7TfHahueqXc8gz+MI=
  
  is-glob@^4.0.1, is-glob@~4.0.1:
    version "4.0.1"
    resolved "https://registry.npm.taobao.org/is-glob/download/is-glob-4.0.1.tgz#7567dbe9f2f5e2467bc77ab83c4a29482407a5dc"
    integrity sha1-dWfb6fL14kZ7x3q4PEopSCQHpdw=
    dependencies:
      is-extglob "^2.1.1"
  
  is-number@^7.0.0:
    version "7.0.0"
    resolved "https://registry.npm.taobao.org/is-number/download/is-number-7.0.0.tgz#7535345b896734d5f80c4d06c50955527a14f12b"
    integrity sha1-dTU0W4lnNNX4DE0GxQlVUnoU8Ss=
  
  jest-worker@^24.0.0:
    version "24.9.0"
    resolved "https://registry.npm.taobao.org/jest-worker/download/jest-worker-24.9.0.tgz?cache=0&sync_timestamp=1613686492793&other_urls=https%3A%2F%2Fregistry.npm.taobao.org%2Fjest-worker%2Fdownload%2Fjest-worker-24.9.0.tgz#5dbfdb5b2d322e98567898238a9697bcce67b3e5"
    integrity sha1-Xb/bWy0yLphWeJgjipaXvM5ns+U=
    dependencies:
      merge-stream "^2.0.0"
      supports-color "^6.1.0"
  
  js-tokens@^4.0.0:
    version "4.0.0"
    resolved "https://registry.npm.taobao.org/js-tokens/download/js-tokens-4.0.0.tgz#19203fb59991df98e3a287050d4647cdeaf32499"
    integrity sha1-GSA/tZmR35jjoocFDUZHzerzJJk=
  
  jsesc@^2.5.1:
    version "2.5.2"
    resolved "https://registry.npm.taobao.org/jsesc/download/jsesc-2.5.2.tgz?cache=0&sync_timestamp=1603891232110&other_urls=https%3A%2F%2Fregistry.npm.taobao.org%2Fjsesc%2Fdownload%2Fjsesc-2.5.2.tgz#80564d2e483dacf6e8ef209650a67df3f0c283a4"
    integrity sha1-gFZNLkg9rPbo7yCWUKZ98/DCg6Q=
  
  jsesc@~0.5.0:
    version "0.5.0"
    resolved "https://registry.npm.taobao.org/jsesc/download/jsesc-0.5.0.tgz?cache=0&sync_timestamp=1603891232110&other_urls=https%3A%2F%2Fregistry.npm.taobao.org%2Fjsesc%2Fdownload%2Fjsesc-0.5.0.tgz#e7dee66e35d6fc16f710fe91d5cf69f70f08911d"
    integrity sha1-597mbjXW/Bb3EP6R1c9p9w8IkR0=
  
  json5@^2.1.2:
    version "2.2.0"
    resolved "https://registry.npm.taobao.org/json5/download/json5-2.2.0.tgz#2dfefe720c6ba525d9ebd909950f0515316c89a3"
    integrity sha1-Lf7+cgxrpSXZ69kJlQ8FFTFsiaM=
    dependencies:
      minimist "^1.2.5"
  
  livereload-js@^3.1.0:
    version "3.3.1"
    resolved "https://registry.npm.taobao.org/livereload-js/download/livereload-js-3.3.1.tgz?cache=0&sync_timestamp=1601290623731&other_urls=https%3A%2F%2Fregistry.npm.taobao.org%2Flivereload-js%2Fdownload%2Flivereload-js-3.3.1.tgz#61f887468086762e61fb2987412cf9d1dda99202"
    integrity sha1-YfiHRoCGdi5h+ymHQSz50d2pkgI=
  
  livereload@^0.9.1:
    version "0.9.1"
    resolved "https://registry.npm.taobao.org/livereload/download/livereload-0.9.1.tgz#65125dabdf2db4fd3f1169e953fe56e3bcc6f477"
    integrity sha1-ZRJdq98ttP0/EWnpU/5W47zG9Hc=
    dependencies:
      chokidar "^3.3.0"
      livereload-js "^3.1.0"
      opts ">= 1.2.0"
      ws "^6.2.1"
  
  lodash.debounce@^4.0.8:
    version "4.0.8"
    resolved "https://registry.npm.taobao.org/lodash.debounce/download/lodash.debounce-4.0.8.tgz#82d79bff30a67c4005ffd5e2515300ad9ca4d7af"
    integrity sha1-gteb/zCmfEAF/9XiUVMArZyk168=
  
  lodash@^4.17.19:
    version "4.17.21"
    resolved "https://registry.npm.taobao.org/lodash/download/lodash-4.17.21.tgz?cache=0&sync_timestamp=1613835838133&other_urls=https%3A%2F%2Fregistry.npm.taobao.org%2Flodash%2Fdownload%2Flodash-4.17.21.tgz#679591c564c3bffaae8454cf0b3df370c3d6911c"
    integrity sha1-Z5WRxWTDv/quhFTPCz3zcMPWkRw=
  
  magic-string@^0.25.0, magic-string@^0.25.7:
    version "0.25.7"
    resolved "https://registry.npm.taobao.org/magic-string/download/magic-string-0.25.7.tgz#3f497d6fd34c669c6798dcb821f2ef31f5445051"
    integrity sha1-P0l9b9NMZpxnmNy4IfLvMfVEUFE=
    dependencies:
      sourcemap-codec "^1.4.4"
  
  merge-stream@^2.0.0:
    version "2.0.0"
    resolved "https://registry.npm.taobao.org/merge-stream/download/merge-stream-2.0.0.tgz?cache=0&sync_timestamp=1589682763068&other_urls=https%3A%2F%2Fregistry.npm.taobao.org%2Fmerge-stream%2Fdownload%2Fmerge-stream-2.0.0.tgz#52823629a14dd00c9770fb6ad47dc6310f2c1f60"
    integrity sha1-UoI2KaFN0AyXcPtq1H3GMQ8sH2A=
  
  mime@>=2.4.6:
    version "2.5.2"
    resolved "https://registry.npm.taobao.org/mime/download/mime-2.5.2.tgz#6e3dc6cc2b9510643830e5f19d5cb753da5eeabe"
    integrity sha1-bj3GzCuVEGQ4MOXxnVy3U9pe6r4=
  
  minimist@^1.2.5:
    version "1.2.5"
    resolved "https://registry.npm.taobao.org/minimist/download/minimist-1.2.5.tgz#67d66014b66a6a8aaa0c083c5fd58df4e4e97602"
    integrity sha1-Z9ZgFLZqaoqqDAg8X9WN9OTpdgI=
  
  ms@2.1.2:
    version "2.1.2"
    resolved "https://registry.npm.taobao.org/ms/download/ms-2.1.2.tgz?cache=0&sync_timestamp=1607433842694&other_urls=https%3A%2F%2Fregistry.npm.taobao.org%2Fms%2Fdownload%2Fms-2.1.2.tgz#d09d1f357b443f493382a8eb3ccd183872ae6009"
    integrity sha1-0J0fNXtEP0kzgqjrPM0YOHKuYAk=
  
  node-releases@^1.1.70:
    version "1.1.71"
    resolved "https://registry.npm.taobao.org/node-releases/download/node-releases-1.1.71.tgz#cb1334b179896b1c89ecfdd4b725fb7bbdfc7dbb"
    integrity sha1-yxM0sXmJaxyJ7P3UtyX7e738fbs=
  
  normalize-path@^3.0.0, normalize-path@~3.0.0:
    version "3.0.0"
    resolved "https://registry.npm.taobao.org/normalize-path/download/normalize-path-3.0.0.tgz#0dcd69ff23a1c9b11fd0978316644a0388216a65"
    integrity sha1-Dc1p/yOhybEf0JeDFmRKA4ghamU=
  
  object-keys@^1.0.12, object-keys@^1.1.1:
    version "1.1.1"
    resolved "https://registry.npm.taobao.org/object-keys/download/object-keys-1.1.1.tgz#1c47f272df277f3b1daf061677d9c82e2322c60e"
    integrity sha1-HEfyct8nfzsdrwYWd9nILiMixg4=
  
  object.assign@^4.1.0:
    version "4.1.2"
    resolved "https://registry.npm.taobao.org/object.assign/download/object.assign-4.1.2.tgz?cache=0&sync_timestamp=1604115158081&other_urls=https%3A%2F%2Fregistry.npm.taobao.org%2Fobject.assign%2Fdownload%2Fobject.assign-4.1.2.tgz#0ed54a342eceb37b38ff76eb831a0e788cb63940"
    integrity sha1-DtVKNC7Os3s4/3brgxoOeIy2OUA=
    dependencies:
      call-bind "^1.0.0"
      define-properties "^1.1.3"
      has-symbols "^1.0.1"
      object-keys "^1.1.1"
  
  opener@1:
    version "1.5.2"
    resolved "https://registry.npm.taobao.org/opener/download/opener-1.5.2.tgz?cache=0&sync_timestamp=1598733244715&other_urls=https%3A%2F%2Fregistry.npm.taobao.org%2Fopener%2Fdownload%2Fopener-1.5.2.tgz#5d37e1f35077b9dcac4301372271afdeb2a13598"
    integrity sha1-XTfh81B3udysQwE3InGv3rKhNZg=
  
  "opts@>= 1.2.0":
    version "2.0.2"
    resolved "https://registry.npm.taobao.org/opts/download/opts-2.0.2.tgz#a17e189fbbfee171da559edd8a42423bc5993ce1"
    integrity sha1-oX4Yn7v+4XHaVZ7dikJCO8WZPOE=
  
  orderedmap@^1.1.0:
    version "1.1.1"
    resolved "https://registry.npm.taobao.org/orderedmap/download/orderedmap-1.1.1.tgz#c618e77611b3b21d0fe3edc92586265e0059c789"
    integrity sha1-xhjndhGzsh0P4+3JJYYmXgBZx4k=
  
  path-parse@^1.0.6:
    version "1.0.6"
    resolved "https://registry.npm.taobao.org/path-parse/download/path-parse-1.0.6.tgz#d62dbb5679405d72c4737ec58600e9ddcf06d24c"
    integrity sha1-1i27VnlAXXLEc37FhgDp3c8G0kw=
  
  picomatch@^2.0.4, picomatch@^2.2.1, picomatch@^2.2.2:
    version "2.2.2"
    resolved "https://registry.npm.taobao.org/picomatch/download/picomatch-2.2.2.tgz#21f333e9b6b8eaff02468f5146ea406d345f4dad"
    integrity sha1-IfMz6ba46v8CRo9RRupAbTRfTa0=
  
  prosemirror-commands@^1.0.0:
    version "1.1.7"
    resolved "https://registry.npm.taobao.org/prosemirror-commands/download/prosemirror-commands-1.1.7.tgz#5b31ae0fe82835d36d22c780641c0b651f27dd03"
    integrity sha1-WzGuD+goNdNtIseAZBwLZR8n3QM=
    dependencies:
      prosemirror-model "^1.0.0"
      prosemirror-state "^1.0.0"
      prosemirror-transform "^1.0.0"
  
  prosemirror-dropcursor@^1.0.0:
    version "1.3.3"
    resolved "https://registry.npm.taobao.org/prosemirror-dropcursor/download/prosemirror-dropcursor-1.3.3.tgz#583d6a82b4960d468132c07c40803cc1d697fda4"
    integrity sha1-WD1qgrSWDUaBMsB8QIA8wdaX/aQ=
    dependencies:
      prosemirror-state "^1.0.0"
      prosemirror-transform "^1.1.0"
      prosemirror-view "^1.1.0"
  
  prosemirror-gapcursor@^1.0.0:
    version "1.1.5"
    resolved "https://registry.npm.taobao.org/prosemirror-gapcursor/download/prosemirror-gapcursor-1.1.5.tgz#0c37fd6cbb1d7c46358c2e7397f8da9a8b5c6246"
    integrity sha1-DDf9bLsdfEY1jC5zl/jamotcYkY=
    dependencies:
      prosemirror-keymap "^1.0.0"
      prosemirror-model "^1.0.0"
      prosemirror-state "^1.0.0"
      prosemirror-view "^1.0.0"
  
  prosemirror-history@^1.0.0:
    version "1.1.3"
    resolved "https://registry.npm.taobao.org/prosemirror-history/download/prosemirror-history-1.1.3.tgz#4f76a1e71db4ef7cdf0e13dec6d8da2aeaecd489"
    integrity sha1-T3ah5x2073zfDhPextjaKurs1Ik=
    dependencies:
      prosemirror-state "^1.2.2"
      prosemirror-transform "^1.0.0"
      rope-sequence "^1.3.0"
  
  prosemirror-inputrules@^1.0.0:
    version "1.1.3"
    resolved "https://registry.npm.taobao.org/prosemirror-inputrules/download/prosemirror-inputrules-1.1.3.tgz#93f9199ca02473259c30d7e352e4c14022d54638"
    integrity sha1-k/kZnKAkcyWcMNfjUuTBQCLVRjg=
    dependencies:
      prosemirror-state "^1.0.0"
      prosemirror-transform "^1.0.0"
  
  prosemirror-keymap@^1.0.0:
    version "1.1.4"
    resolved "https://registry.npm.taobao.org/prosemirror-keymap/download/prosemirror-keymap-1.1.4.tgz#8b481bf8389a5ac40d38dbd67ec3da2c7eac6a6d"
    integrity sha1-i0gb+DiaWsQNONvWfsPaLH6sam0=
    dependencies:
      prosemirror-state "^1.0.0"
      w3c-keyname "^2.2.0"
  
  prosemirror-menu@^1.0.0:
    version "1.1.4"
    resolved "https://registry.npm.taobao.org/prosemirror-menu/download/prosemirror-menu-1.1.4.tgz#a845ae0e14ce1f92dd39d7f23caa6063265cd98c"
    integrity sha1-qEWuDhTOH5LdOdfyPKpgYyZc2Yw=
    dependencies:
      crelt "^1.0.0"
      prosemirror-commands "^1.0.0"
      prosemirror-history "^1.0.0"
      prosemirror-state "^1.0.0"
  
  prosemirror-model@^1.0.0, prosemirror-model@^1.1.0, prosemirror-model@^1.2.0:
    version "1.13.3"
    resolved "https://registry.npm.taobao.org/prosemirror-model/download/prosemirror-model-1.13.3.tgz?cache=0&sync_timestamp=1612453566040&other_urls=https%3A%2F%2Fregistry.npm.taobao.org%2Fprosemirror-model%2Fdownload%2Fprosemirror-model-1.13.3.tgz#3ccfde73b9c9e706933c72bdf7462906509ff1c9"
    integrity sha1-PM/ec7nJ5waTPHK990YpBlCf8ck=
    dependencies:
      orderedmap "^1.1.0"
  
  prosemirror-schema-basic@^1.1.2:
    version "1.1.2"
    resolved "https://registry.npm.taobao.org/prosemirror-schema-basic/download/prosemirror-schema-basic-1.1.2.tgz#4bde5c339c845e0d08ec8fe473064e372ca51ae3"
    integrity sha1-S95cM5yEXg0I7I/kcwZONyylGuM=
    dependencies:
      prosemirror-model "^1.2.0"
  
  prosemirror-schema-list@^1.0.0:
    version "1.1.4"
    resolved "https://registry.npm.taobao.org/prosemirror-schema-list/download/prosemirror-schema-list-1.1.4.tgz#471f9caf2d2bed93641d2e490434c0d2d4330df1"
    integrity sha1-Rx+cry0r7ZNkHS5JBDTA0tQzDfE=
    dependencies:
      prosemirror-model "^1.0.0"
      prosemirror-transform "^1.0.0"
  
  prosemirror-state@^1.0.0, prosemirror-state@^1.2.2:
    version "1.3.4"
    resolved "https://registry.npm.taobao.org/prosemirror-state/download/prosemirror-state-1.3.4.tgz#4c6b52628216e753fc901c6d2bfd84ce109e8952"
    integrity sha1-TGtSYoIW51P8kBxtK/2EzhCeiVI=
    dependencies:
      prosemirror-model "^1.0.0"
      prosemirror-transform "^1.0.0"
  
  prosemirror-transform@^1.0.0, prosemirror-transform@^1.1.0:
    version "1.2.12"
    resolved "https://registry.npm.taobao.org/prosemirror-transform/download/prosemirror-transform-1.2.12.tgz#4398b568faf75a1540fbf5c659ca436a8657ed6f"
    integrity sha1-Q5i1aPr3WhVA+/XGWcpDaoZX7W8=
    dependencies:
      prosemirror-model "^1.0.0"
  
  prosemirror-view@^1.0.0, prosemirror-view@^1.1.0, prosemirror-view@^1.17.7:
    version "1.17.7"
    resolved "https://registry.npm.taobao.org/prosemirror-view/download/prosemirror-view-1.17.7.tgz#33cd9ee4284acd9445d69d785eba7e70fb366b61"
    integrity sha1-M82e5ChKzZRF1p14Xrp+cPs2a2E=
    dependencies:
      prosemirror-model "^1.1.0"
      prosemirror-state "^1.0.0"
      prosemirror-transform "^1.1.0"
  
  readdirp@~3.5.0:
    version "3.5.0"
    resolved "https://registry.npm.taobao.org/readdirp/download/readdirp-3.5.0.tgz?cache=0&sync_timestamp=1602584331621&other_urls=https%3A%2F%2Fregistry.npm.taobao.org%2Freaddirp%2Fdownload%2Freaddirp-3.5.0.tgz#9ba74c019b15d365278d2e91bb8c48d7b4d42c9e"
    integrity sha1-m6dMAZsV02UnjS6Ru4xI17TULJ4=
    dependencies:
      picomatch "^2.2.1"
  
  regenerate-unicode-properties@^8.0.2, regenerate-unicode-properties@^8.2.0:
    version "8.2.0"
    resolved "https://registry.npm.taobao.org/regenerate-unicode-properties/download/regenerate-unicode-properties-8.2.0.tgz#e5de7111d655e7ba60c057dbe9ff37c87e65cdec"
    integrity sha1-5d5xEdZV57pgwFfb6f83yH5lzew=
    dependencies:
      regenerate "^1.4.0"
  
  regenerate@^1.4.0:
    version "1.4.2"
    resolved "https://registry.npm.taobao.org/regenerate/download/regenerate-1.4.2.tgz?cache=0&sync_timestamp=1604218353677&other_urls=https%3A%2F%2Fregistry.npm.taobao.org%2Fregenerate%2Fdownload%2Fregenerate-1.4.2.tgz#b9346d8827e8f5a32f7ba29637d398b69014848a"
    integrity sha1-uTRtiCfo9aMve6KWN9OYtpAUhIo=
  
  regenerator-runtime@^0.13.4:
    version "0.13.7"
    resolved "https://registry.npm.taobao.org/regenerator-runtime/download/regenerator-runtime-0.13.7.tgz?cache=0&sync_timestamp=1595456311465&other_urls=https%3A%2F%2Fregistry.npm.taobao.org%2Fregenerator-runtime%2Fdownload%2Fregenerator-runtime-0.13.7.tgz#cac2dacc8a1ea675feaabaeb8ae833898ae46f55"
    integrity sha1-ysLazIoepnX+qrrriugziYrkb1U=
  
  regenerator-transform@^0.14.2:
    version "0.14.5"
    resolved "https://registry.npm.taobao.org/regenerator-transform/download/regenerator-transform-0.14.5.tgz#c98da154683671c9c4dcb16ece736517e1b7feb4"
    integrity sha1-yY2hVGg2ccnE3LFuznNlF+G3/rQ=
    dependencies:
      "@babel/runtime" "^7.8.4"
  
  regexpu-core@4.5.4:
    version "4.5.4"
    resolved "https://registry.npm.taobao.org/regexpu-core/download/regexpu-core-4.5.4.tgz?cache=0&sync_timestamp=1600413461940&other_urls=https%3A%2F%2Fregistry.npm.taobao.org%2Fregexpu-core%2Fdownload%2Fregexpu-core-4.5.4.tgz#080d9d02289aa87fe1667a4f5136bc98a6aebaae"
    integrity sha1-CA2dAiiaqH/hZnpPUTa8mKauuq4=
    dependencies:
      regenerate "^1.4.0"
      regenerate-unicode-properties "^8.0.2"
      regjsgen "^0.5.0"
      regjsparser "^0.6.0"
      unicode-match-property-ecmascript "^1.0.4"
      unicode-match-property-value-ecmascript "^1.1.0"
  
  regexpu-core@^4.7.1:
    version "4.7.1"
    resolved "https://registry.npm.taobao.org/regexpu-core/download/regexpu-core-4.7.1.tgz?cache=0&sync_timestamp=1600413461940&other_urls=https%3A%2F%2Fregistry.npm.taobao.org%2Fregexpu-core%2Fdownload%2Fregexpu-core-4.7.1.tgz#2dea5a9a07233298fbf0db91fa9abc4c6e0f8ad6"
    integrity sha1-LepamgcjMpj78NuR+pq8TG4PitY=
    dependencies:
      regenerate "^1.4.0"
      regenerate-unicode-properties "^8.2.0"
      regjsgen "^0.5.1"
      regjsparser "^0.6.4"
      unicode-match-property-ecmascript "^1.0.4"
      unicode-match-property-value-ecmascript "^1.2.0"
  
  regjsgen@^0.5.0, regjsgen@^0.5.1:
    version "0.5.2"
    resolved "https://registry.npm.taobao.org/regjsgen/download/regjsgen-0.5.2.tgz#92ff295fb1deecbf6ecdab2543d207e91aa33733"
    integrity sha1-kv8pX7He7L9uzaslQ9IH6RqjNzM=
  
  regjsparser@^0.6.0, regjsparser@^0.6.4:
    version "0.6.7"
    resolved "https://registry.npm.taobao.org/regjsparser/download/regjsparser-0.6.7.tgz?cache=0&sync_timestamp=1612023307806&other_urls=https%3A%2F%2Fregistry.npm.taobao.org%2Fregjsparser%2Fdownload%2Fregjsparser-0.6.7.tgz#c00164e1e6713c2e3ee641f1701c4b7aa0a7f86c"
    integrity sha1-wAFk4eZxPC4+5kHxcBxLeqCn+Gw=
    dependencies:
      jsesc "~0.5.0"
  
  resolve@^1.14.2:
    version "1.20.0"
    resolved "https://registry.npm.taobao.org/resolve/download/resolve-1.20.0.tgz?cache=0&sync_timestamp=1613054822645&other_urls=https%3A%2F%2Fregistry.npm.taobao.org%2Fresolve%2Fdownload%2Fresolve-1.20.0.tgz#629a013fb3f70755d6f0b7935cc1c2c5378b1975"
    integrity sha1-YpoBP7P3B1XW8LeTXMHCxTeLGXU=
    dependencies:
      is-core-module "^2.2.0"
      path-parse "^1.0.6"
  
  rollup-plugin-babel@^4.4.0:
    version "4.4.0"
    resolved "https://registry.npm.taobao.org/rollup-plugin-babel/download/rollup-plugin-babel-4.4.0.tgz#d15bd259466a9d1accbdb2fe2fff17c52d030acb"
    integrity sha1-0VvSWUZqnRrMvbL+L/8XxS0DCss=
    dependencies:
      "@babel/helper-module-imports" "^7.0.0"
      rollup-pluginutils "^2.8.1"
  
  rollup-plugin-livereload@^2.0.0:
    version "2.0.0"
    resolved "https://registry.npm.taobao.org/rollup-plugin-livereload/download/rollup-plugin-livereload-2.0.0.tgz#d3928d74e8cf2ae4286c5dd46b770fd3f3b82313"
    integrity sha1-05KNdOjPKuQobF3Ua3cP0/O4IxM=
    dependencies:
      livereload "^0.9.1"
  
  rollup-plugin-serve@^1.1.0:
    version "1.1.0"
    resolved "https://registry.npm.taobao.org/rollup-plugin-serve/download/rollup-plugin-serve-1.1.0.tgz#0654a57021a21b903340c69940f7463706e8288d"
    integrity sha1-BlSlcCGiG5AzQMaZQPdGNwboKI0=
    dependencies:
      mime ">=2.4.6"
      opener "1"
  
  rollup-plugin-uglify@^6.0.4:
    version "6.0.4"
    resolved "https://registry.npm.taobao.org/rollup-plugin-uglify/download/rollup-plugin-uglify-6.0.4.tgz#65a0959d91586627f1e46a7db966fd504ec6c4e6"
    integrity sha1-ZaCVnZFYZifx5Gp9uWb9UE7GxOY=
    dependencies:
      "@babel/code-frame" "^7.0.0"
      jest-worker "^24.0.0"
      serialize-javascript "^2.1.2"
      uglify-js "^3.4.9"
  
  rollup-pluginutils@^2.8.1:
    version "2.8.2"
    resolved "https://registry.npm.taobao.org/rollup-pluginutils/download/rollup-pluginutils-2.8.2.tgz#72f2af0748b592364dbd3389e600e5a9444a351e"
    integrity sha1-cvKvB0i1kjZNvTOJ5gDlqURKNR4=
    dependencies:
      estree-walker "^0.6.1"
  
  rollup@^2.26.3:
    version "2.39.1"
    resolved "https://registry.npm.taobao.org/rollup/download/rollup-2.39.1.tgz?cache=0&sync_timestamp=1614059439391&other_urls=https%3A%2F%2Fregistry.npm.taobao.org%2Frollup%2Fdownload%2Frollup-2.39.1.tgz#7afd4cefd8a332c5102a8063d301fde1f31a9173"
    integrity sha1-ev1M79ijMsUQKoBj0wH94fMakXM=
    optionalDependencies:
      fsevents "~2.3.1"
  
  rope-sequence@^1.3.0:
    version "1.3.2"
    resolved "https://registry.npm.taobao.org/rope-sequence/download/rope-sequence-1.3.2.tgz#a19e02d72991ca71feb6b5f8a91154e48e3c098b"
    integrity sha1-oZ4C1ymRynH+trX4qRFU5I48CYs=
  
  safe-buffer@~5.1.1:
    version "5.1.2"
    resolved "https://registry.npm.taobao.org/safe-buffer/download/safe-buffer-5.1.2.tgz?cache=0&sync_timestamp=1599054209520&other_urls=https%3A%2F%2Fregistry.npm.taobao.org%2Fsafe-buffer%2Fdownload%2Fsafe-buffer-5.1.2.tgz#991ec69d296e0313747d59bdfd2b745c35f8828d"
    integrity sha1-mR7GnSluAxN0fVm9/St0XDX4go0=
  
  semver@7.0.0:
    version "7.0.0"
    resolved "https://registry.npm.taobao.org/semver/download/semver-7.0.0.tgz?cache=0&sync_timestamp=1606852064928&other_urls=https%3A%2F%2Fregistry.npm.taobao.org%2Fsemver%2Fdownload%2Fsemver-7.0.0.tgz#5f3ca35761e47e05b206c6daff2cf814f0316b8e"
    integrity sha1-XzyjV2HkfgWyBsba/yz4FPAxa44=
  
  semver@^6.1.1, semver@^6.1.2:
    version "6.3.0"
    resolved "https://registry.npm.taobao.org/semver/download/semver-6.3.0.tgz?cache=0&sync_timestamp=1606852064928&other_urls=https%3A%2F%2Fregistry.npm.taobao.org%2Fsemver%2Fdownload%2Fsemver-6.3.0.tgz#ee0a64c8af5e8ceea67687b133761e1becbd1d3d"
    integrity sha1-7gpkyK9ejO6mdoexM3YeG+y9HT0=
  
  serialize-javascript@^2.1.2:
    version "2.1.2"
    resolved "https://registry.npm.taobao.org/serialize-javascript/download/serialize-javascript-2.1.2.tgz?cache=0&sync_timestamp=1599740650381&other_urls=https%3A%2F%2Fregistry.npm.taobao.org%2Fserialize-javascript%2Fdownload%2Fserialize-javascript-2.1.2.tgz#ecec53b0e0317bdc95ef76ab7074b7384785fa61"
    integrity sha1-7OxTsOAxe9yV73arcHS3OEeF+mE=
  
  source-map@^0.5.0:
    version "0.5.7"
    resolved "https://registry.npm.taobao.org/source-map/download/source-map-0.5.7.tgz?cache=0&sync_timestamp=1589682764497&other_urls=https%3A%2F%2Fregistry.npm.taobao.org%2Fsource-map%2Fdownload%2Fsource-map-0.5.7.tgz#8a039d2d1021d22d1ea14c80d8ea468ba2ef3fcc"
    integrity sha1-igOdLRAh0i0eoUyA2OpGi6LvP8w=
  
  sourcemap-codec@^1.4.4:
    version "1.4.8"
    resolved "https://registry.npm.taobao.org/sourcemap-codec/download/sourcemap-codec-1.4.8.tgz#ea804bd94857402e6992d05a38ef1ae35a9ab4c4"
    integrity sha1-6oBL2UhXQC5pktBaOO8a41qatMQ=
  
  supports-color@^5.3.0:
    version "5.5.0"
    resolved "https://registry.npm.taobao.org/supports-color/download/supports-color-5.5.0.tgz?cache=0&sync_timestamp=1611394878204&other_urls=https%3A%2F%2Fregistry.npm.taobao.org%2Fsupports-color%2Fdownload%2Fsupports-color-5.5.0.tgz#e2e69a44ac8772f78a1ec0b35b689df6530efc8f"
    integrity sha1-4uaaRKyHcveKHsCzW2id9lMO/I8=
    dependencies:
      has-flag "^3.0.0"
  
  supports-color@^6.1.0:
    version "6.1.0"
    resolved "https://registry.npm.taobao.org/supports-color/download/supports-color-6.1.0.tgz?cache=0&sync_timestamp=1611394878204&other_urls=https%3A%2F%2Fregistry.npm.taobao.org%2Fsupports-color%2Fdownload%2Fsupports-color-6.1.0.tgz#0764abc69c63d5ac842dd4867e8d025e880df8f3"
    integrity sha1-B2Srxpxj1ayELdSGfo0CXogN+PM=
    dependencies:
      has-flag "^3.0.0"
  
  to-fast-properties@^2.0.0:
    version "2.0.0"
    resolved "https://registry.npm.taobao.org/to-fast-properties/download/to-fast-properties-2.0.0.tgz#dc5e698cbd079265bc73e0377681a4e4e83f616e"
    integrity sha1-3F5pjL0HkmW8c+A3doGk5Og/YW4=
  
  to-regex-range@^5.0.1:
    version "5.0.1"
    resolved "https://registry.npm.taobao.org/to-regex-range/download/to-regex-range-5.0.1.tgz#1648c44aae7c8d988a326018ed72f5b4dd0392e4"
    integrity sha1-FkjESq58jZiKMmAY7XL1tN0DkuQ=
    dependencies:
      is-number "^7.0.0"
  
  uglify-js@^3.4.9:
    version "3.12.8"
    resolved "https://registry.npm.taobao.org/uglify-js/download/uglify-js-3.12.8.tgz?cache=0&sync_timestamp=1613235188925&other_urls=https%3A%2F%2Fregistry.npm.taobao.org%2Fuglify-js%2Fdownload%2Fuglify-js-3.12.8.tgz#a82e6e53c9be14f7382de3d068ef1e26e7d4aaf8"
    integrity sha1-qC5uU8m+FPc4LePQaO8eJufUqvg=
  
  unicode-canonical-property-names-ecmascript@^1.0.4:
    version "1.0.4"
    resolved "https://registry.npm.taobao.org/unicode-canonical-property-names-ecmascript/download/unicode-canonical-property-names-ecmascript-1.0.4.tgz#2619800c4c825800efdd8343af7dd9933cbe2818"
    integrity sha1-JhmADEyCWADv3YNDr33Zkzy+KBg=
  
  unicode-match-property-ecmascript@^1.0.4:
    version "1.0.4"
    resolved "https://registry.npm.taobao.org/unicode-match-property-ecmascript/download/unicode-match-property-ecmascript-1.0.4.tgz#8ed2a32569961bce9227d09cd3ffbb8fed5f020c"
    integrity sha1-jtKjJWmWG86SJ9Cc0/+7j+1fAgw=
    dependencies:
      unicode-canonical-property-names-ecmascript "^1.0.4"
      unicode-property-aliases-ecmascript "^1.0.4"
  
  unicode-match-property-value-ecmascript@^1.1.0, unicode-match-property-value-ecmascript@^1.2.0:
    version "1.2.0"
    resolved "https://registry.npm.taobao.org/unicode-match-property-value-ecmascript/download/unicode-match-property-value-ecmascript-1.2.0.tgz#0d91f600eeeb3096aa962b1d6fc88876e64ea531"
    integrity sha1-DZH2AO7rMJaqlisdb8iIduZOpTE=
  
  unicode-property-aliases-ecmascript@^1.0.4:
    version "1.1.0"
    resolved "https://registry.npm.taobao.org/unicode-property-aliases-ecmascript/download/unicode-property-aliases-ecmascript-1.1.0.tgz#dd57a99f6207bedff4628abefb94c50db941c8f4"
    integrity sha1-3Vepn2IHvt/0Yoq++5TFDblByPQ=
  
  w3c-keyname@^2.2.0:
    version "2.2.4"
    resolved "https://registry.npm.taobao.org/w3c-keyname/download/w3c-keyname-2.2.4.tgz#4ade6916f6290224cdbd1db8ac49eab03d0eef6b"
    integrity sha1-St5pFvYpAiTNvR24rEnqsD0O72s=
  
  ws@^6.2.1:
    version "6.2.1"
    resolved "https://registry.npm.taobao.org/ws/download/ws-6.2.1.tgz?cache=0&sync_timestamp=1612293757126&other_urls=https%3A%2F%2Fregistry.npm.taobao.org%2Fws%2Fdownload%2Fws-6.2.1.tgz#442fdf0a47ed64f59b6a5d8ff130f4748ed524fb"
    integrity sha1-RC/fCkftZPWbal2P8TD0dI7VJPs=
    dependencies:
      async-limiter "~1.0.0"
